{"D:\\cataliz\\node-ts-mongo-jest\\dist\\src\\app.js": {"path":"D:\\cataliz\\node-ts-mongo-jest\\dist\\src\\app.js","statementMap":{"0":{"start":{"line":2,"column":22},"end":{"line":12,"column":3}},"1":{"start":{"line":3,"column":4},"end":{"line":3,"column":33}},"2":{"start":{"line":3,"column":26},"end":{"line":3,"column":33}},"3":{"start":{"line":4,"column":15},"end":{"line":4,"column":52}},"4":{"start":{"line":5,"column":4},"end":{"line":7,"column":5}},"5":{"start":{"line":6,"column":6},"end":{"line":6,"column":68}},"6":{"start":{"line":6,"column":51},"end":{"line":6,"column":63}},"7":{"start":{"line":8,"column":4},"end":{"line":8,"column":39}},"8":{"start":{"line":10,"column":4},"end":{"line":10,"column":33}},"9":{"start":{"line":10,"column":26},"end":{"line":10,"column":33}},"10":{"start":{"line":11,"column":4},"end":{"line":11,"column":17}},"11":{"start":{"line":13,"column":25},"end":{"line":17,"column":2}},"12":{"start":{"line":14,"column":4},"end":{"line":14,"column":72}},"13":{"start":{"line":16,"column":4},"end":{"line":16,"column":21}},"14":{"start":{"line":18,"column":19},"end":{"line":24,"column":1}},"15":{"start":{"line":19,"column":4},"end":{"line":19,"column":42}},"16":{"start":{"line":19,"column":31},"end":{"line":19,"column":42}},"17":{"start":{"line":20,"column":17},"end":{"line":20,"column":19}},"18":{"start":{"line":21,"column":4},"end":{"line":21,"column":141}},"19":{"start":{"line":21,"column":21},"end":{"line":21,"column":141}},"20":{"start":{"line":21,"column":40},"end":{"line":21,"column":141}},"21":{"start":{"line":21,"column":109},"end":{"line":21,"column":141}},"22":{"start":{"line":22,"column":4},"end":{"line":22,"column":36}},"23":{"start":{"line":23,"column":4},"end":{"line":23,"column":18}},"24":{"start":{"line":25,"column":22},"end":{"line":27,"column":1}},"25":{"start":{"line":26,"column":4},"end":{"line":26,"column":62}},"26":{"start":{"line":28,"column":0},"end":{"line":28,"column":62}},"27":{"start":{"line":29,"column":0},"end":{"line":29,"column":23}},"28":{"start":{"line":33,"column":15},"end":{"line":33,"column":46}},"29":{"start":{"line":34,"column":18},"end":{"line":34,"column":53}},"30":{"start":{"line":35,"column":15},"end":{"line":35,"column":47}},"31":{"start":{"line":36,"column":17},"end":{"line":36,"column":51}},"32":{"start":{"line":37,"column":27},"end":{"line":37,"column":64}},"33":{"start":{"line":38,"column":27},"end":{"line":38,"column":73}},"34":{"start":{"line":39,"column":31},"end":{"line":39,"column":92}},"35":{"start":{"line":40,"column":0},"end":{"line":40,"column":16}},"36":{"start":{"line":42,"column":13},"end":{"line":42,"column":48}},"37":{"start":{"line":43,"column":0},"end":{"line":45,"column":3}},"38":{"start":{"line":44,"column":4},"end":{"line":44,"column":52}},"39":{"start":{"line":50,"column":0},"end":{"line":52,"column":1}},"40":{"start":{"line":51,"column":4},"end":{"line":51,"column":20}},"41":{"start":{"line":53,"column":13},"end":{"line":53,"column":43}},"42":{"start":{"line":54,"column":12},"end":{"line":54,"column":36}},"43":{"start":{"line":55,"column":0},"end":{"line":55,"column":20}},"44":{"start":{"line":59,"column":0},"end":{"line":59,"column":33}},"45":{"start":{"line":60,"column":0},"end":{"line":60,"column":31}},"46":{"start":{"line":61,"column":0},"end":{"line":61,"column":34}},"47":{"start":{"line":62,"column":0},"end":{"line":62,"column":53}},"48":{"start":{"line":63,"column":0},"end":{"line":63,"column":41}},"49":{"start":{"line":64,"column":0},"end":{"line":64,"column":48}}},"fnMap":{"0":{"name":"(anonymous_0)","decl":{"start":{"line":2,"column":74},"end":{"line":2,"column":75}},"loc":{"start":{"line":2,"column":96},"end":{"line":9,"column":1}},"line":2},"1":{"name":"(anonymous_1)","decl":{"start":{"line":6,"column":38},"end":{"line":6,"column":39}},"loc":{"start":{"line":6,"column":49},"end":{"line":6,"column":65}},"line":6},"2":{"name":"(anonymous_2)","decl":{"start":{"line":9,"column":6},"end":{"line":9,"column":7}},"loc":{"start":{"line":9,"column":28},"end":{"line":12,"column":1}},"line":9},"3":{"name":"(anonymous_3)","decl":{"start":{"line":13,"column":80},"end":{"line":13,"column":81}},"loc":{"start":{"line":13,"column":95},"end":{"line":15,"column":1}},"line":13},"4":{"name":"(anonymous_4)","decl":{"start":{"line":15,"column":5},"end":{"line":15,"column":6}},"loc":{"start":{"line":15,"column":20},"end":{"line":17,"column":1}},"line":15},"5":{"name":"(anonymous_5)","decl":{"start":{"line":18,"column":50},"end":{"line":18,"column":51}},"loc":{"start":{"line":18,"column":65},"end":{"line":24,"column":1}},"line":18},"6":{"name":"(anonymous_6)","decl":{"start":{"line":25,"column":56},"end":{"line":25,"column":57}},"loc":{"start":{"line":25,"column":71},"end":{"line":27,"column":1}},"line":25},"7":{"name":"(anonymous_7)","decl":{"start":{"line":43,"column":37},"end":{"line":43,"column":38}},"loc":{"start":{"line":43,"column":43},"end":{"line":45,"column":1}},"line":43}},"branchMap":{"0":{"loc":{"start":{"line":2,"column":22},"end":{"line":12,"column":3}},"type":"binary-expr","locations":[{"start":{"line":2,"column":23},"end":{"line":2,"column":27}},{"start":{"line":2,"column":31},"end":{"line":2,"column":51}},{"start":{"line":2,"column":57},"end":{"line":12,"column":2}}],"line":2},"1":{"loc":{"start":{"line":2,"column":57},"end":{"line":12,"column":2}},"type":"cond-expr","locations":[{"start":{"line":2,"column":74},"end":{"line":9,"column":1}},{"start":{"line":9,"column":6},"end":{"line":12,"column":1}}],"line":2},"2":{"loc":{"start":{"line":3,"column":4},"end":{"line":3,"column":33}},"type":"if","locations":[{"start":{"line":3,"column":4},"end":{"line":3,"column":33}},{"start":{},"end":{}}],"line":3},"3":{"loc":{"start":{"line":5,"column":4},"end":{"line":7,"column":5}},"type":"if","locations":[{"start":{"line":5,"column":4},"end":{"line":7,"column":5}},{"start":{},"end":{}}],"line":5},"4":{"loc":{"start":{"line":5,"column":8},"end":{"line":5,"column":85}},"type":"binary-expr","locations":[{"start":{"line":5,"column":8},"end":{"line":5,"column":13}},{"start":{"line":5,"column":18},"end":{"line":5,"column":84}}],"line":5},"5":{"loc":{"start":{"line":5,"column":18},"end":{"line":5,"column":84}},"type":"cond-expr","locations":[{"start":{"line":5,"column":34},"end":{"line":5,"column":47}},{"start":{"line":5,"column":50},"end":{"line":5,"column":84}}],"line":5},"6":{"loc":{"start":{"line":5,"column":50},"end":{"line":5,"column":84}},"type":"binary-expr","locations":[{"start":{"line":5,"column":50},"end":{"line":5,"column":63}},{"start":{"line":5,"column":67},"end":{"line":5,"column":84}}],"line":5},"7":{"loc":{"start":{"line":10,"column":4},"end":{"line":10,"column":33}},"type":"if","locations":[{"start":{"line":10,"column":4},"end":{"line":10,"column":33}},{"start":{},"end":{}}],"line":10},"8":{"loc":{"start":{"line":13,"column":25},"end":{"line":17,"column":2}},"type":"binary-expr","locations":[{"start":{"line":13,"column":26},"end":{"line":13,"column":30}},{"start":{"line":13,"column":34},"end":{"line":13,"column":57}},{"start":{"line":13,"column":63},"end":{"line":17,"column":1}}],"line":13},"9":{"loc":{"start":{"line":13,"column":63},"end":{"line":17,"column":1}},"type":"cond-expr","locations":[{"start":{"line":13,"column":80},"end":{"line":15,"column":1}},{"start":{"line":15,"column":5},"end":{"line":17,"column":1}}],"line":13},"10":{"loc":{"start":{"line":18,"column":19},"end":{"line":24,"column":1}},"type":"binary-expr","locations":[{"start":{"line":18,"column":20},"end":{"line":18,"column":24}},{"start":{"line":18,"column":28},"end":{"line":18,"column":45}},{"start":{"line":18,"column":50},"end":{"line":24,"column":1}}],"line":18},"11":{"loc":{"start":{"line":19,"column":4},"end":{"line":19,"column":42}},"type":"if","locations":[{"start":{"line":19,"column":4},"end":{"line":19,"column":42}},{"start":{},"end":{}}],"line":19},"12":{"loc":{"start":{"line":19,"column":8},"end":{"line":19,"column":29}},"type":"binary-expr","locations":[{"start":{"line":19,"column":8},"end":{"line":19,"column":11}},{"start":{"line":19,"column":15},"end":{"line":19,"column":29}}],"line":19},"13":{"loc":{"start":{"line":21,"column":4},"end":{"line":21,"column":141}},"type":"if","locations":[{"start":{"line":21,"column":4},"end":{"line":21,"column":141}},{"start":{},"end":{}}],"line":21},"14":{"loc":{"start":{"line":21,"column":40},"end":{"line":21,"column":141}},"type":"if","locations":[{"start":{"line":21,"column":40},"end":{"line":21,"column":141}},{"start":{},"end":{}}],"line":21},"15":{"loc":{"start":{"line":21,"column":44},"end":{"line":21,"column":107}},"type":"binary-expr","locations":[{"start":{"line":21,"column":44},"end":{"line":21,"column":59}},{"start":{"line":21,"column":63},"end":{"line":21,"column":107}}],"line":21},"16":{"loc":{"start":{"line":25,"column":22},"end":{"line":27,"column":1}},"type":"binary-expr","locations":[{"start":{"line":25,"column":23},"end":{"line":25,"column":27}},{"start":{"line":25,"column":31},"end":{"line":25,"column":51}},{"start":{"line":25,"column":56},"end":{"line":27,"column":1}}],"line":25},"17":{"loc":{"start":{"line":26,"column":11},"end":{"line":26,"column":61}},"type":"cond-expr","locations":[{"start":{"line":26,"column":37},"end":{"line":26,"column":40}},{"start":{"line":26,"column":43},"end":{"line":26,"column":61}}],"line":26},"18":{"loc":{"start":{"line":26,"column":12},"end":{"line":26,"column":33}},"type":"binary-expr","locations":[{"start":{"line":26,"column":12},"end":{"line":26,"column":15}},{"start":{"line":26,"column":19},"end":{"line":26,"column":33}}],"line":26},"19":{"loc":{"start":{"line":50,"column":0},"end":{"line":52,"column":1}},"type":"if","locations":[{"start":{"line":50,"column":0},"end":{"line":52,"column":1}},{"start":{},"end":{}}],"line":50}},"s":{"0":5,"1":35,"2":35,"3":35,"4":35,"5":35,"6":5,"7":35,"8":0,"9":0,"10":0,"11":5,"12":5,"13":0,"14":5,"15":5,"16":0,"17":5,"18":5,"19":5,"20":35,"21":35,"22":5,"23":5,"24":5,"25":20,"26":5,"27":5,"28":5,"29":5,"30":5,"31":5,"32":5,"33":5,"34":5,"35":5,"36":5,"37":5,"38":5,"39":5,"40":0,"41":5,"42":5,"43":5,"44":5,"45":5,"46":5,"47":5,"48":5,"49":5},"f":{"0":35,"1":5,"2":0,"3":5,"4":0,"5":5,"6":20,"7":5},"b":{"0":[5,0,5],"1":[5,0],"2":[35,0],"3":[35,0],"4":[35,35],"5":[0,35],"6":[35,0],"7":[0,0],"8":[5,0,5],"9":[5,0],"10":[5,0,5],"11":[0,5],"12":[5,5],"13":[5,0],"14":[35,0],"15":[35,35],"16":[5,0,5],"17":[5,15],"18":[20,20],"19":[0,5]},"_coverageSchema":"1a1c01bbd47fc00a2c39e90264f33305004495a9","hash":"0db9ddd700b51628fd9e18c2b9763f236806356c"}
,"D:\\cataliz\\node-ts-mongo-jest\\dist\\src\\common\\http-exception.js": {"path":"D:\\cataliz\\node-ts-mongo-jest\\dist\\src\\common\\http-exception.js","statementMap":{"0":{"start":{"line":2,"column":22},"end":{"line":4,"column":1}},"1":{"start":{"line":3,"column":4},"end":{"line":3,"column":62}},"2":{"start":{"line":5,"column":0},"end":{"line":5,"column":62}},"3":{"start":{"line":6,"column":18},"end":{"line":6,"column":53}},"4":{"start":{"line":7,"column":12},"end":{"line":7,"column":36}},"5":{"start":{"line":13,"column":8},"end":{"line":13,"column":23}},"6":{"start":{"line":14,"column":8},"end":{"line":14,"column":44}},"7":{"start":{"line":15,"column":8},"end":{"line":15,"column":37}},"8":{"start":{"line":16,"column":8},"end":{"line":16,"column":54}},"9":{"start":{"line":20,"column":0},"end":{"line":20,"column":32}}},"fnMap":{"0":{"name":"(anonymous_0)","decl":{"start":{"line":2,"column":56},"end":{"line":2,"column":57}},"loc":{"start":{"line":2,"column":71},"end":{"line":4,"column":1}},"line":2},"1":{"name":"(anonymous_1)","decl":{"start":{"line":9,"column":4},"end":{"line":9,"column":5}},"loc":{"start":{"line":12,"column":8},"end":{"line":18,"column":5}},"line":12}},"branchMap":{"0":{"loc":{"start":{"line":2,"column":22},"end":{"line":4,"column":1}},"type":"binary-expr","locations":[{"start":{"line":2,"column":23},"end":{"line":2,"column":27}},{"start":{"line":2,"column":31},"end":{"line":2,"column":51}},{"start":{"line":2,"column":56},"end":{"line":4,"column":1}}],"line":2},"1":{"loc":{"start":{"line":3,"column":11},"end":{"line":3,"column":61}},"type":"cond-expr","locations":[{"start":{"line":3,"column":37},"end":{"line":3,"column":40}},{"start":{"line":3,"column":43},"end":{"line":3,"column":61}}],"line":3},"2":{"loc":{"start":{"line":3,"column":12},"end":{"line":3,"column":33}},"type":"binary-expr","locations":[{"start":{"line":3,"column":12},"end":{"line":3,"column":15}},{"start":{"line":3,"column":19},"end":{"line":3,"column":33}}],"line":3},"3":{"loc":{"start":{"line":14,"column":26},"end":{"line":14,"column":43}},"type":"binary-expr","locations":[{"start":{"line":14,"column":26},"end":{"line":14,"column":36}},{"start":{"line":14,"column":40},"end":{"line":14,"column":43}}],"line":14},"4":{"loc":{"start":{"line":15,"column":23},"end":{"line":15,"column":36}},"type":"binary-expr","locations":[{"start":{"line":15,"column":23},"end":{"line":15,"column":30}},{"start":{"line":15,"column":34},"end":{"line":15,"column":36}}],"line":15},"5":{"loc":{"start":{"line":16,"column":21},"end":{"line":16,"column":53}},"type":"binary-expr","locations":[{"start":{"line":16,"column":21},"end":{"line":16,"column":26}},{"start":{"line":16,"column":30},"end":{"line":16,"column":53}}],"line":16}},"s":{"0":5,"1":5,"2":5,"3":5,"4":5,"5":9,"6":9,"7":9,"8":9,"9":5},"f":{"0":5,"1":9},"b":{"0":[5,0,5],"1":[0,5],"2":[5,5],"3":[9,1],"4":[9,6],"5":[9,8]},"_coverageSchema":"1a1c01bbd47fc00a2c39e90264f33305004495a9","hash":"ac35732dfb8e8aff132685549597405e55b59859"}
,"D:\\cataliz\\node-ts-mongo-jest\\dist\\src\\db\\db.js": {"path":"D:\\cataliz\\node-ts-mongo-jest\\dist\\src\\db\\db.js","statementMap":{"0":{"start":{"line":2,"column":22},"end":{"line":4,"column":1}},"1":{"start":{"line":3,"column":4},"end":{"line":3,"column":62}},"2":{"start":{"line":5,"column":0},"end":{"line":5,"column":62}},"3":{"start":{"line":6,"column":19},"end":{"line":6,"column":55}},"4":{"start":{"line":7,"column":18},"end":{"line":7,"column":55}},"5":{"start":{"line":8,"column":0},"end":{"line":8,"column":38}},"6":{"start":{"line":9,"column":0},"end":{"line":11,"column":3}},"7":{"start":{"line":10,"column":4},"end":{"line":10,"column":51}},"8":{"start":{"line":12,"column":0},"end":{"line":12,"column":37}}},"fnMap":{"0":{"name":"(anonymous_0)","decl":{"start":{"line":2,"column":56},"end":{"line":2,"column":57}},"loc":{"start":{"line":2,"column":71},"end":{"line":4,"column":1}},"line":2},"1":{"name":"(anonymous_1)","decl":{"start":{"line":9,"column":42},"end":{"line":9,"column":43}},"loc":{"start":{"line":9,"column":53},"end":{"line":11,"column":1}},"line":9}},"branchMap":{"0":{"loc":{"start":{"line":2,"column":22},"end":{"line":4,"column":1}},"type":"binary-expr","locations":[{"start":{"line":2,"column":23},"end":{"line":2,"column":27}},{"start":{"line":2,"column":31},"end":{"line":2,"column":51}},{"start":{"line":2,"column":56},"end":{"line":4,"column":1}}],"line":2},"1":{"loc":{"start":{"line":3,"column":11},"end":{"line":3,"column":61}},"type":"cond-expr","locations":[{"start":{"line":3,"column":37},"end":{"line":3,"column":40}},{"start":{"line":3,"column":43},"end":{"line":3,"column":61}}],"line":3},"2":{"loc":{"start":{"line":3,"column":12},"end":{"line":3,"column":33}},"type":"binary-expr","locations":[{"start":{"line":3,"column":12},"end":{"line":3,"column":15}},{"start":{"line":3,"column":19},"end":{"line":3,"column":33}}],"line":3}},"s":{"0":5,"1":5,"2":5,"3":5,"4":5,"5":5,"6":5,"7":0,"8":5},"f":{"0":5,"1":0},"b":{"0":[5,0,5],"1":[0,5],"2":[5,5]},"_coverageSchema":"1a1c01bbd47fc00a2c39e90264f33305004495a9","hash":"80c91124750908ca746dafeeeae127049cbc20c9"}
,"D:\\cataliz\\node-ts-mongo-jest\\dist\\src\\middleware\\contacts\\createContact.middleware.js": {"path":"D:\\cataliz\\node-ts-mongo-jest\\dist\\src\\middleware\\contacts\\createContact.middleware.js","statementMap":{"0":{"start":{"line":2,"column":16},"end":{"line":10,"column":1}},"1":{"start":{"line":3,"column":28},"end":{"line":3,"column":110}},"2":{"start":{"line":3,"column":91},"end":{"line":3,"column":106}},"3":{"start":{"line":4,"column":4},"end":{"line":9,"column":7}},"4":{"start":{"line":5,"column":36},"end":{"line":5,"column":97}},"5":{"start":{"line":5,"column":42},"end":{"line":5,"column":70}},"6":{"start":{"line":5,"column":85},"end":{"line":5,"column":95}},"7":{"start":{"line":6,"column":35},"end":{"line":6,"column":100}},"8":{"start":{"line":6,"column":41},"end":{"line":6,"column":73}},"9":{"start":{"line":6,"column":88},"end":{"line":6,"column":98}},"10":{"start":{"line":7,"column":32},"end":{"line":7,"column":116}},"11":{"start":{"line":8,"column":8},"end":{"line":8,"column":78}},"12":{"start":{"line":11,"column":22},"end":{"line":13,"column":1}},"13":{"start":{"line":12,"column":4},"end":{"line":12,"column":62}},"14":{"start":{"line":14,"column":0},"end":{"line":14,"column":62}},"15":{"start":{"line":15,"column":19},"end":{"line":15,"column":50}},"16":{"start":{"line":16,"column":28},"end":{"line":16,"column":56}},"17":{"start":{"line":17,"column":25},"end":{"line":17,"column":80}},"18":{"start":{"line":18,"column":0},"end":{"line":40,"column":3}},"19":{"start":{"line":18,"column":38},"end":{"line":40,"column":2}},"20":{"start":{"line":19,"column":4},"end":{"line":39,"column":5}},"21":{"start":{"line":20,"column":27},"end":{"line":20,"column":35}},"22":{"start":{"line":21,"column":8},"end":{"line":22,"column":68}},"23":{"start":{"line":22,"column":12},"end":{"line":22,"column":68}},"24":{"start":{"line":23,"column":23},"end":{"line":23,"column":69}},"25":{"start":{"line":24,"column":8},"end":{"line":34,"column":9}},"26":{"start":{"line":25,"column":12},"end":{"line":25,"column":56}},"27":{"start":{"line":28,"column":28},"end":{"line":28,"column":76}},"28":{"start":{"line":29,"column":12},"end":{"line":33,"column":15}},"29":{"start":{"line":37,"column":8},"end":{"line":37,"column":53}},"30":{"start":{"line":38,"column":8},"end":{"line":38,"column":18}}},"fnMap":{"0":{"name":"(anonymous_0)","decl":{"start":{"line":2,"column":44},"end":{"line":2,"column":45}},"loc":{"start":{"line":2,"column":89},"end":{"line":10,"column":1}},"line":2},"1":{"name":"adopt","decl":{"start":{"line":3,"column":13},"end":{"line":3,"column":18}},"loc":{"start":{"line":3,"column":26},"end":{"line":3,"column":112}},"line":3},"2":{"name":"(anonymous_2)","decl":{"start":{"line":3,"column":70},"end":{"line":3,"column":71}},"loc":{"start":{"line":3,"column":89},"end":{"line":3,"column":108}},"line":3},"3":{"name":"(anonymous_3)","decl":{"start":{"line":4,"column":36},"end":{"line":4,"column":37}},"loc":{"start":{"line":4,"column":63},"end":{"line":9,"column":5}},"line":4},"4":{"name":"fulfilled","decl":{"start":{"line":5,"column":17},"end":{"line":5,"column":26}},"loc":{"start":{"line":5,"column":34},"end":{"line":5,"column":99}},"line":5},"5":{"name":"rejected","decl":{"start":{"line":6,"column":17},"end":{"line":6,"column":25}},"loc":{"start":{"line":6,"column":33},"end":{"line":6,"column":102}},"line":6},"6":{"name":"step","decl":{"start":{"line":7,"column":17},"end":{"line":7,"column":21}},"loc":{"start":{"line":7,"column":30},"end":{"line":7,"column":118}},"line":7},"7":{"name":"(anonymous_7)","decl":{"start":{"line":11,"column":56},"end":{"line":11,"column":57}},"loc":{"start":{"line":11,"column":71},"end":{"line":13,"column":1}},"line":11},"8":{"name":"(anonymous_8)","decl":{"start":{"line":18,"column":18},"end":{"line":18,"column":19}},"loc":{"start":{"line":18,"column":38},"end":{"line":40,"column":2}},"line":18},"9":{"name":"(anonymous_9)","decl":{"start":{"line":18,"column":72},"end":{"line":18,"column":73}},"loc":{"start":{"line":18,"column":85},"end":{"line":40,"column":1}},"line":18}},"branchMap":{"0":{"loc":{"start":{"line":2,"column":16},"end":{"line":10,"column":1}},"type":"binary-expr","locations":[{"start":{"line":2,"column":17},"end":{"line":2,"column":21}},{"start":{"line":2,"column":25},"end":{"line":2,"column":39}},{"start":{"line":2,"column":44},"end":{"line":10,"column":1}}],"line":2},"1":{"loc":{"start":{"line":3,"column":35},"end":{"line":3,"column":109}},"type":"cond-expr","locations":[{"start":{"line":3,"column":56},"end":{"line":3,"column":61}},{"start":{"line":3,"column":64},"end":{"line":3,"column":109}}],"line":3},"2":{"loc":{"start":{"line":4,"column":16},"end":{"line":4,"column":34}},"type":"binary-expr","locations":[{"start":{"line":4,"column":16},"end":{"line":4,"column":17}},{"start":{"line":4,"column":22},"end":{"line":4,"column":33}}],"line":4},"3":{"loc":{"start":{"line":7,"column":32},"end":{"line":7,"column":115}},"type":"cond-expr","locations":[{"start":{"line":7,"column":46},"end":{"line":7,"column":67}},{"start":{"line":7,"column":70},"end":{"line":7,"column":115}}],"line":7},"4":{"loc":{"start":{"line":8,"column":51},"end":{"line":8,"column":67}},"type":"binary-expr","locations":[{"start":{"line":8,"column":51},"end":{"line":8,"column":61}},{"start":{"line":8,"column":65},"end":{"line":8,"column":67}}],"line":8},"5":{"loc":{"start":{"line":11,"column":22},"end":{"line":13,"column":1}},"type":"binary-expr","locations":[{"start":{"line":11,"column":23},"end":{"line":11,"column":27}},{"start":{"line":11,"column":31},"end":{"line":11,"column":51}},{"start":{"line":11,"column":56},"end":{"line":13,"column":1}}],"line":11},"6":{"loc":{"start":{"line":12,"column":11},"end":{"line":12,"column":61}},"type":"cond-expr","locations":[{"start":{"line":12,"column":37},"end":{"line":12,"column":40}},{"start":{"line":12,"column":43},"end":{"line":12,"column":61}}],"line":12},"7":{"loc":{"start":{"line":12,"column":12},"end":{"line":12,"column":33}},"type":"binary-expr","locations":[{"start":{"line":12,"column":12},"end":{"line":12,"column":15}},{"start":{"line":12,"column":19},"end":{"line":12,"column":33}}],"line":12},"8":{"loc":{"start":{"line":21,"column":8},"end":{"line":22,"column":68}},"type":"if","locations":[{"start":{"line":21,"column":8},"end":{"line":22,"column":68}},{"start":{},"end":{}}],"line":21},"9":{"loc":{"start":{"line":21,"column":12},"end":{"line":21,"column":70}},"type":"binary-expr","locations":[{"start":{"line":21,"column":12},"end":{"line":21,"column":28}},{"start":{"line":21,"column":32},"end":{"line":21,"column":49}},{"start":{"line":21,"column":53},"end":{"line":21,"column":70}}],"line":21},"10":{"loc":{"start":{"line":24,"column":8},"end":{"line":34,"column":9}},"type":"if","locations":[{"start":{"line":24,"column":8},"end":{"line":34,"column":9}},{"start":{"line":27,"column":13},"end":{"line":34,"column":9}}],"line":24}},"s":{"0":5,"1":1,"2":0,"3":7,"4":1,"5":1,"6":0,"7":0,"8":0,"9":0,"10":8,"11":7,"12":5,"13":5,"14":5,"15":5,"16":5,"17":5,"18":5,"19":7,"20":7,"21":7,"22":7,"23":3,"24":4,"25":4,"26":3,"27":1,"28":1,"29":3,"30":3},"f":{"0":7,"1":1,"2":0,"3":7,"4":1,"5":0,"6":8,"7":5,"8":7,"9":7},"b":{"0":[5,0,5],"1":[1,0],"2":[7,7],"3":[7,1],"4":[7,7],"5":[5,0,5],"6":[5,0],"7":[5,5],"8":[3,4],"9":[7,6,5],"10":[3,1]},"_coverageSchema":"1a1c01bbd47fc00a2c39e90264f33305004495a9","hash":"f28bfb94d487bfaf11b50e66e0bb41205691a25d"}
,"D:\\cataliz\\node-ts-mongo-jest\\dist\\src\\middleware\\contacts\\deleteContact.middleware.js": {"path":"D:\\cataliz\\node-ts-mongo-jest\\dist\\src\\middleware\\contacts\\deleteContact.middleware.js","statementMap":{"0":{"start":{"line":2,"column":16},"end":{"line":10,"column":1}},"1":{"start":{"line":3,"column":28},"end":{"line":3,"column":110}},"2":{"start":{"line":3,"column":91},"end":{"line":3,"column":106}},"3":{"start":{"line":4,"column":4},"end":{"line":9,"column":7}},"4":{"start":{"line":5,"column":36},"end":{"line":5,"column":97}},"5":{"start":{"line":5,"column":42},"end":{"line":5,"column":70}},"6":{"start":{"line":5,"column":85},"end":{"line":5,"column":95}},"7":{"start":{"line":6,"column":35},"end":{"line":6,"column":100}},"8":{"start":{"line":6,"column":41},"end":{"line":6,"column":73}},"9":{"start":{"line":6,"column":88},"end":{"line":6,"column":98}},"10":{"start":{"line":7,"column":32},"end":{"line":7,"column":116}},"11":{"start":{"line":8,"column":8},"end":{"line":8,"column":78}},"12":{"start":{"line":11,"column":0},"end":{"line":11,"column":62}},"13":{"start":{"line":12,"column":19},"end":{"line":12,"column":50}},"14":{"start":{"line":13,"column":0},"end":{"line":28,"column":3}},"15":{"start":{"line":13,"column":38},"end":{"line":28,"column":2}},"16":{"start":{"line":14,"column":15},"end":{"line":14,"column":28}},"17":{"start":{"line":15,"column":4},"end":{"line":27,"column":5}},"18":{"start":{"line":16,"column":21},"end":{"line":16,"column":63}},"19":{"start":{"line":17,"column":8},"end":{"line":20,"column":9}},"20":{"start":{"line":18,"column":12},"end":{"line":18,"column":65}},"21":{"start":{"line":19,"column":12},"end":{"line":19,"column":92}},"22":{"start":{"line":21,"column":8},"end":{"line":21,"column":68}},"23":{"start":{"line":24,"column":8},"end":{"line":24,"column":52}},"24":{"start":{"line":25,"column":8},"end":{"line":25,"column":23}},"25":{"start":{"line":26,"column":8},"end":{"line":26,"column":16}}},"fnMap":{"0":{"name":"(anonymous_0)","decl":{"start":{"line":2,"column":44},"end":{"line":2,"column":45}},"loc":{"start":{"line":2,"column":89},"end":{"line":10,"column":1}},"line":2},"1":{"name":"adopt","decl":{"start":{"line":3,"column":13},"end":{"line":3,"column":18}},"loc":{"start":{"line":3,"column":26},"end":{"line":3,"column":112}},"line":3},"2":{"name":"(anonymous_2)","decl":{"start":{"line":3,"column":70},"end":{"line":3,"column":71}},"loc":{"start":{"line":3,"column":89},"end":{"line":3,"column":108}},"line":3},"3":{"name":"(anonymous_3)","decl":{"start":{"line":4,"column":36},"end":{"line":4,"column":37}},"loc":{"start":{"line":4,"column":63},"end":{"line":9,"column":5}},"line":4},"4":{"name":"fulfilled","decl":{"start":{"line":5,"column":17},"end":{"line":5,"column":26}},"loc":{"start":{"line":5,"column":34},"end":{"line":5,"column":99}},"line":5},"5":{"name":"rejected","decl":{"start":{"line":6,"column":17},"end":{"line":6,"column":25}},"loc":{"start":{"line":6,"column":33},"end":{"line":6,"column":102}},"line":6},"6":{"name":"step","decl":{"start":{"line":7,"column":17},"end":{"line":7,"column":21}},"loc":{"start":{"line":7,"column":30},"end":{"line":7,"column":118}},"line":7},"7":{"name":"(anonymous_7)","decl":{"start":{"line":13,"column":18},"end":{"line":13,"column":19}},"loc":{"start":{"line":13,"column":38},"end":{"line":28,"column":2}},"line":13},"8":{"name":"(anonymous_8)","decl":{"start":{"line":13,"column":72},"end":{"line":13,"column":73}},"loc":{"start":{"line":13,"column":85},"end":{"line":28,"column":1}},"line":13}},"branchMap":{"0":{"loc":{"start":{"line":2,"column":16},"end":{"line":10,"column":1}},"type":"binary-expr","locations":[{"start":{"line":2,"column":17},"end":{"line":2,"column":21}},{"start":{"line":2,"column":25},"end":{"line":2,"column":39}},{"start":{"line":2,"column":44},"end":{"line":10,"column":1}}],"line":2},"1":{"loc":{"start":{"line":3,"column":35},"end":{"line":3,"column":109}},"type":"cond-expr","locations":[{"start":{"line":3,"column":56},"end":{"line":3,"column":61}},{"start":{"line":3,"column":64},"end":{"line":3,"column":109}}],"line":3},"2":{"loc":{"start":{"line":4,"column":16},"end":{"line":4,"column":34}},"type":"binary-expr","locations":[{"start":{"line":4,"column":16},"end":{"line":4,"column":17}},{"start":{"line":4,"column":22},"end":{"line":4,"column":33}}],"line":4},"3":{"loc":{"start":{"line":7,"column":32},"end":{"line":7,"column":115}},"type":"cond-expr","locations":[{"start":{"line":7,"column":46},"end":{"line":7,"column":67}},{"start":{"line":7,"column":70},"end":{"line":7,"column":115}}],"line":7},"4":{"loc":{"start":{"line":8,"column":51},"end":{"line":8,"column":67}},"type":"binary-expr","locations":[{"start":{"line":8,"column":51},"end":{"line":8,"column":61}},{"start":{"line":8,"column":65},"end":{"line":8,"column":67}}],"line":8},"5":{"loc":{"start":{"line":17,"column":8},"end":{"line":20,"column":9}},"type":"if","locations":[{"start":{"line":17,"column":8},"end":{"line":20,"column":9}},{"start":{},"end":{}}],"line":17}},"s":{"0":5,"1":4,"2":2,"3":3,"4":3,"5":3,"6":0,"7":1,"8":1,"9":0,"10":7,"11":3,"12":5,"13":5,"14":5,"15":3,"16":3,"17":3,"18":3,"19":2,"20":1,"21":1,"22":1,"23":1,"24":1,"25":1},"f":{"0":3,"1":4,"2":2,"3":3,"4":3,"5":1,"6":7,"7":3,"8":3},"b":{"0":[5,0,5],"1":[2,2],"2":[3,3],"3":[3,4],"4":[3,3],"5":[1,1]},"_coverageSchema":"1a1c01bbd47fc00a2c39e90264f33305004495a9","hash":"e20a246b81ce668c82bb79fc40186a14044e2c96"}
,"D:\\cataliz\\node-ts-mongo-jest\\dist\\src\\middleware\\contacts\\getAllContacts.middleware.js": {"path":"D:\\cataliz\\node-ts-mongo-jest\\dist\\src\\middleware\\contacts\\getAllContacts.middleware.js","statementMap":{"0":{"start":{"line":2,"column":16},"end":{"line":10,"column":1}},"1":{"start":{"line":3,"column":28},"end":{"line":3,"column":110}},"2":{"start":{"line":3,"column":91},"end":{"line":3,"column":106}},"3":{"start":{"line":4,"column":4},"end":{"line":9,"column":7}},"4":{"start":{"line":5,"column":36},"end":{"line":5,"column":97}},"5":{"start":{"line":5,"column":42},"end":{"line":5,"column":70}},"6":{"start":{"line":5,"column":85},"end":{"line":5,"column":95}},"7":{"start":{"line":6,"column":35},"end":{"line":6,"column":100}},"8":{"start":{"line":6,"column":41},"end":{"line":6,"column":73}},"9":{"start":{"line":6,"column":88},"end":{"line":6,"column":98}},"10":{"start":{"line":7,"column":32},"end":{"line":7,"column":116}},"11":{"start":{"line":8,"column":8},"end":{"line":8,"column":78}},"12":{"start":{"line":11,"column":22},"end":{"line":13,"column":1}},"13":{"start":{"line":12,"column":4},"end":{"line":12,"column":62}},"14":{"start":{"line":14,"column":0},"end":{"line":14,"column":62}},"15":{"start":{"line":15,"column":19},"end":{"line":15,"column":50}},"16":{"start":{"line":16,"column":25},"end":{"line":16,"column":80}},"17":{"start":{"line":17,"column":0},"end":{"line":27,"column":3}},"18":{"start":{"line":17,"column":38},"end":{"line":27,"column":2}},"19":{"start":{"line":18,"column":4},"end":{"line":26,"column":5}},"20":{"start":{"line":19,"column":22},"end":{"line":19,"column":58}},"21":{"start":{"line":20,"column":8},"end":{"line":21,"column":97}},"22":{"start":{"line":21,"column":12},"end":{"line":21,"column":97}},"23":{"start":{"line":22,"column":8},"end":{"line":22,"column":36}},"24":{"start":{"line":25,"column":8},"end":{"line":25,"column":16}}},"fnMap":{"0":{"name":"(anonymous_0)","decl":{"start":{"line":2,"column":44},"end":{"line":2,"column":45}},"loc":{"start":{"line":2,"column":89},"end":{"line":10,"column":1}},"line":2},"1":{"name":"adopt","decl":{"start":{"line":3,"column":13},"end":{"line":3,"column":18}},"loc":{"start":{"line":3,"column":26},"end":{"line":3,"column":112}},"line":3},"2":{"name":"(anonymous_2)","decl":{"start":{"line":3,"column":70},"end":{"line":3,"column":71}},"loc":{"start":{"line":3,"column":89},"end":{"line":3,"column":108}},"line":3},"3":{"name":"(anonymous_3)","decl":{"start":{"line":4,"column":36},"end":{"line":4,"column":37}},"loc":{"start":{"line":4,"column":63},"end":{"line":9,"column":5}},"line":4},"4":{"name":"fulfilled","decl":{"start":{"line":5,"column":17},"end":{"line":5,"column":26}},"loc":{"start":{"line":5,"column":34},"end":{"line":5,"column":99}},"line":5},"5":{"name":"rejected","decl":{"start":{"line":6,"column":17},"end":{"line":6,"column":25}},"loc":{"start":{"line":6,"column":33},"end":{"line":6,"column":102}},"line":6},"6":{"name":"step","decl":{"start":{"line":7,"column":17},"end":{"line":7,"column":21}},"loc":{"start":{"line":7,"column":30},"end":{"line":7,"column":118}},"line":7},"7":{"name":"(anonymous_7)","decl":{"start":{"line":11,"column":56},"end":{"line":11,"column":57}},"loc":{"start":{"line":11,"column":71},"end":{"line":13,"column":1}},"line":11},"8":{"name":"(anonymous_8)","decl":{"start":{"line":17,"column":18},"end":{"line":17,"column":19}},"loc":{"start":{"line":17,"column":38},"end":{"line":27,"column":2}},"line":17},"9":{"name":"(anonymous_9)","decl":{"start":{"line":17,"column":72},"end":{"line":17,"column":73}},"loc":{"start":{"line":17,"column":85},"end":{"line":27,"column":1}},"line":17}},"branchMap":{"0":{"loc":{"start":{"line":2,"column":16},"end":{"line":10,"column":1}},"type":"binary-expr","locations":[{"start":{"line":2,"column":17},"end":{"line":2,"column":21}},{"start":{"line":2,"column":25},"end":{"line":2,"column":39}},{"start":{"line":2,"column":44},"end":{"line":10,"column":1}}],"line":2},"1":{"loc":{"start":{"line":3,"column":35},"end":{"line":3,"column":109}},"type":"cond-expr","locations":[{"start":{"line":3,"column":56},"end":{"line":3,"column":61}},{"start":{"line":3,"column":64},"end":{"line":3,"column":109}}],"line":3},"2":{"loc":{"start":{"line":4,"column":16},"end":{"line":4,"column":34}},"type":"binary-expr","locations":[{"start":{"line":4,"column":16},"end":{"line":4,"column":17}},{"start":{"line":4,"column":22},"end":{"line":4,"column":33}}],"line":4},"3":{"loc":{"start":{"line":7,"column":32},"end":{"line":7,"column":115}},"type":"cond-expr","locations":[{"start":{"line":7,"column":46},"end":{"line":7,"column":67}},{"start":{"line":7,"column":70},"end":{"line":7,"column":115}}],"line":7},"4":{"loc":{"start":{"line":8,"column":51},"end":{"line":8,"column":67}},"type":"binary-expr","locations":[{"start":{"line":8,"column":51},"end":{"line":8,"column":61}},{"start":{"line":8,"column":65},"end":{"line":8,"column":67}}],"line":8},"5":{"loc":{"start":{"line":11,"column":22},"end":{"line":13,"column":1}},"type":"binary-expr","locations":[{"start":{"line":11,"column":23},"end":{"line":11,"column":27}},{"start":{"line":11,"column":31},"end":{"line":11,"column":51}},{"start":{"line":11,"column":56},"end":{"line":13,"column":1}}],"line":11},"6":{"loc":{"start":{"line":12,"column":11},"end":{"line":12,"column":61}},"type":"cond-expr","locations":[{"start":{"line":12,"column":37},"end":{"line":12,"column":40}},{"start":{"line":12,"column":43},"end":{"line":12,"column":61}}],"line":12},"7":{"loc":{"start":{"line":12,"column":12},"end":{"line":12,"column":33}},"type":"binary-expr","locations":[{"start":{"line":12,"column":12},"end":{"line":12,"column":15}},{"start":{"line":12,"column":19},"end":{"line":12,"column":33}}],"line":12},"8":{"loc":{"start":{"line":20,"column":8},"end":{"line":21,"column":97}},"type":"if","locations":[{"start":{"line":20,"column":8},"end":{"line":21,"column":97}},{"start":{},"end":{}}],"line":20}},"s":{"0":5,"1":2,"2":0,"3":2,"4":1,"5":1,"6":0,"7":1,"8":1,"9":0,"10":4,"11":2,"12":5,"13":5,"14":5,"15":5,"16":5,"17":5,"18":2,"19":2,"20":2,"21":1,"22":0,"23":1,"24":1},"f":{"0":2,"1":2,"2":0,"3":2,"4":1,"5":1,"6":4,"7":5,"8":2,"9":2},"b":{"0":[5,0,5],"1":[2,0],"2":[2,2],"3":[2,2],"4":[2,2],"5":[5,0,5],"6":[5,0],"7":[5,5],"8":[0,1]},"_coverageSchema":"1a1c01bbd47fc00a2c39e90264f33305004495a9","hash":"7ca78a1d5fe9aa4f0b674a577d7af22cc8dce48b"}
,"D:\\cataliz\\node-ts-mongo-jest\\dist\\src\\middleware\\contacts\\getContact.middleware.js": {"path":"D:\\cataliz\\node-ts-mongo-jest\\dist\\src\\middleware\\contacts\\getContact.middleware.js","statementMap":{"0":{"start":{"line":2,"column":16},"end":{"line":10,"column":1}},"1":{"start":{"line":3,"column":28},"end":{"line":3,"column":110}},"2":{"start":{"line":3,"column":91},"end":{"line":3,"column":106}},"3":{"start":{"line":4,"column":4},"end":{"line":9,"column":7}},"4":{"start":{"line":5,"column":36},"end":{"line":5,"column":97}},"5":{"start":{"line":5,"column":42},"end":{"line":5,"column":70}},"6":{"start":{"line":5,"column":85},"end":{"line":5,"column":95}},"7":{"start":{"line":6,"column":35},"end":{"line":6,"column":100}},"8":{"start":{"line":6,"column":41},"end":{"line":6,"column":73}},"9":{"start":{"line":6,"column":88},"end":{"line":6,"column":98}},"10":{"start":{"line":7,"column":32},"end":{"line":7,"column":116}},"11":{"start":{"line":8,"column":8},"end":{"line":8,"column":78}},"12":{"start":{"line":11,"column":22},"end":{"line":13,"column":1}},"13":{"start":{"line":12,"column":4},"end":{"line":12,"column":62}},"14":{"start":{"line":14,"column":0},"end":{"line":14,"column":62}},"15":{"start":{"line":15,"column":19},"end":{"line":15,"column":50}},"16":{"start":{"line":16,"column":25},"end":{"line":16,"column":80}},"17":{"start":{"line":17,"column":18},"end":{"line":17,"column":36}},"18":{"start":{"line":18,"column":19},"end":{"line":18,"column":45}},"19":{"start":{"line":19,"column":0},"end":{"line":33,"column":3}},"20":{"start":{"line":19,"column":38},"end":{"line":33,"column":2}},"21":{"start":{"line":20,"column":4},"end":{"line":32,"column":5}},"22":{"start":{"line":21,"column":19},"end":{"line":21,"column":32}},"23":{"start":{"line":22,"column":8},"end":{"line":23,"column":103}},"24":{"start":{"line":23,"column":12},"end":{"line":23,"column":103}},"25":{"start":{"line":24,"column":21},"end":{"line":24,"column":63}},"26":{"start":{"line":25,"column":8},"end":{"line":27,"column":9}},"27":{"start":{"line":26,"column":12},"end":{"line":26,"column":135}},"28":{"start":{"line":28,"column":8},"end":{"line":28,"column":42}},"29":{"start":{"line":31,"column":8},"end":{"line":31,"column":16}}},"fnMap":{"0":{"name":"(anonymous_0)","decl":{"start":{"line":2,"column":44},"end":{"line":2,"column":45}},"loc":{"start":{"line":2,"column":89},"end":{"line":10,"column":1}},"line":2},"1":{"name":"adopt","decl":{"start":{"line":3,"column":13},"end":{"line":3,"column":18}},"loc":{"start":{"line":3,"column":26},"end":{"line":3,"column":112}},"line":3},"2":{"name":"(anonymous_2)","decl":{"start":{"line":3,"column":70},"end":{"line":3,"column":71}},"loc":{"start":{"line":3,"column":89},"end":{"line":3,"column":108}},"line":3},"3":{"name":"(anonymous_3)","decl":{"start":{"line":4,"column":36},"end":{"line":4,"column":37}},"loc":{"start":{"line":4,"column":63},"end":{"line":9,"column":5}},"line":4},"4":{"name":"fulfilled","decl":{"start":{"line":5,"column":17},"end":{"line":5,"column":26}},"loc":{"start":{"line":5,"column":34},"end":{"line":5,"column":99}},"line":5},"5":{"name":"rejected","decl":{"start":{"line":6,"column":17},"end":{"line":6,"column":25}},"loc":{"start":{"line":6,"column":33},"end":{"line":6,"column":102}},"line":6},"6":{"name":"step","decl":{"start":{"line":7,"column":17},"end":{"line":7,"column":21}},"loc":{"start":{"line":7,"column":30},"end":{"line":7,"column":118}},"line":7},"7":{"name":"(anonymous_7)","decl":{"start":{"line":11,"column":56},"end":{"line":11,"column":57}},"loc":{"start":{"line":11,"column":71},"end":{"line":13,"column":1}},"line":11},"8":{"name":"(anonymous_8)","decl":{"start":{"line":19,"column":18},"end":{"line":19,"column":19}},"loc":{"start":{"line":19,"column":38},"end":{"line":33,"column":2}},"line":19},"9":{"name":"(anonymous_9)","decl":{"start":{"line":19,"column":72},"end":{"line":19,"column":73}},"loc":{"start":{"line":19,"column":85},"end":{"line":33,"column":1}},"line":19}},"branchMap":{"0":{"loc":{"start":{"line":2,"column":16},"end":{"line":10,"column":1}},"type":"binary-expr","locations":[{"start":{"line":2,"column":17},"end":{"line":2,"column":21}},{"start":{"line":2,"column":25},"end":{"line":2,"column":39}},{"start":{"line":2,"column":44},"end":{"line":10,"column":1}}],"line":2},"1":{"loc":{"start":{"line":3,"column":35},"end":{"line":3,"column":109}},"type":"cond-expr","locations":[{"start":{"line":3,"column":56},"end":{"line":3,"column":61}},{"start":{"line":3,"column":64},"end":{"line":3,"column":109}}],"line":3},"2":{"loc":{"start":{"line":4,"column":16},"end":{"line":4,"column":34}},"type":"binary-expr","locations":[{"start":{"line":4,"column":16},"end":{"line":4,"column":17}},{"start":{"line":4,"column":22},"end":{"line":4,"column":33}}],"line":4},"3":{"loc":{"start":{"line":7,"column":32},"end":{"line":7,"column":115}},"type":"cond-expr","locations":[{"start":{"line":7,"column":46},"end":{"line":7,"column":67}},{"start":{"line":7,"column":70},"end":{"line":7,"column":115}}],"line":7},"4":{"loc":{"start":{"line":8,"column":51},"end":{"line":8,"column":67}},"type":"binary-expr","locations":[{"start":{"line":8,"column":51},"end":{"line":8,"column":61}},{"start":{"line":8,"column":65},"end":{"line":8,"column":67}}],"line":8},"5":{"loc":{"start":{"line":11,"column":22},"end":{"line":13,"column":1}},"type":"binary-expr","locations":[{"start":{"line":11,"column":23},"end":{"line":11,"column":27}},{"start":{"line":11,"column":31},"end":{"line":11,"column":51}},{"start":{"line":11,"column":56},"end":{"line":13,"column":1}}],"line":11},"6":{"loc":{"start":{"line":12,"column":11},"end":{"line":12,"column":61}},"type":"cond-expr","locations":[{"start":{"line":12,"column":37},"end":{"line":12,"column":40}},{"start":{"line":12,"column":43},"end":{"line":12,"column":61}}],"line":12},"7":{"loc":{"start":{"line":12,"column":12},"end":{"line":12,"column":33}},"type":"binary-expr","locations":[{"start":{"line":12,"column":12},"end":{"line":12,"column":15}},{"start":{"line":12,"column":19},"end":{"line":12,"column":33}}],"line":12},"8":{"loc":{"start":{"line":22,"column":8},"end":{"line":23,"column":103}},"type":"if","locations":[{"start":{"line":22,"column":8},"end":{"line":23,"column":103}},{"start":{},"end":{}}],"line":22},"9":{"loc":{"start":{"line":25,"column":8},"end":{"line":27,"column":9}},"type":"if","locations":[{"start":{"line":25,"column":8},"end":{"line":27,"column":9}},{"start":{},"end":{}}],"line":25}},"s":{"0":5,"1":2,"2":2,"3":3,"4":2,"5":2,"6":0,"7":0,"8":0,"9":0,"10":5,"11":3,"12":5,"13":5,"14":5,"15":5,"16":5,"17":5,"18":5,"19":5,"20":3,"21":3,"22":3,"23":3,"24":1,"25":2,"26":2,"27":1,"28":1,"29":2},"f":{"0":3,"1":2,"2":2,"3":3,"4":2,"5":0,"6":5,"7":5,"8":3,"9":3},"b":{"0":[5,0,5],"1":[0,2],"2":[3,3],"3":[3,2],"4":[3,3],"5":[5,0,5],"6":[5,0],"7":[5,5],"8":[1,2],"9":[1,1]},"_coverageSchema":"1a1c01bbd47fc00a2c39e90264f33305004495a9","hash":"460f21bdff1d42ed8acc9f7141758657ebc9c39e"}
,"D:\\cataliz\\node-ts-mongo-jest\\dist\\src\\middleware\\contacts\\updateContact.middleware.js": {"path":"D:\\cataliz\\node-ts-mongo-jest\\dist\\src\\middleware\\contacts\\updateContact.middleware.js","statementMap":{"0":{"start":{"line":2,"column":16},"end":{"line":10,"column":1}},"1":{"start":{"line":3,"column":28},"end":{"line":3,"column":110}},"2":{"start":{"line":3,"column":91},"end":{"line":3,"column":106}},"3":{"start":{"line":4,"column":4},"end":{"line":9,"column":7}},"4":{"start":{"line":5,"column":36},"end":{"line":5,"column":97}},"5":{"start":{"line":5,"column":42},"end":{"line":5,"column":70}},"6":{"start":{"line":5,"column":85},"end":{"line":5,"column":95}},"7":{"start":{"line":6,"column":35},"end":{"line":6,"column":100}},"8":{"start":{"line":6,"column":41},"end":{"line":6,"column":73}},"9":{"start":{"line":6,"column":88},"end":{"line":6,"column":98}},"10":{"start":{"line":7,"column":32},"end":{"line":7,"column":116}},"11":{"start":{"line":8,"column":8},"end":{"line":8,"column":78}},"12":{"start":{"line":11,"column":22},"end":{"line":13,"column":1}},"13":{"start":{"line":12,"column":4},"end":{"line":12,"column":62}},"14":{"start":{"line":14,"column":0},"end":{"line":14,"column":62}},"15":{"start":{"line":15,"column":19},"end":{"line":15,"column":50}},"16":{"start":{"line":16,"column":28},"end":{"line":16,"column":56}},"17":{"start":{"line":17,"column":25},"end":{"line":17,"column":80}},"18":{"start":{"line":18,"column":0},"end":{"line":46,"column":3}},"19":{"start":{"line":18,"column":38},"end":{"line":46,"column":2}},"20":{"start":{"line":19,"column":4},"end":{"line":45,"column":5}},"21":{"start":{"line":20,"column":19},"end":{"line":20,"column":32}},"22":{"start":{"line":21,"column":27},"end":{"line":21,"column":35}},"23":{"start":{"line":22,"column":8},"end":{"line":23,"column":68}},"24":{"start":{"line":23,"column":12},"end":{"line":23,"column":68}},"25":{"start":{"line":24,"column":23},"end":{"line":24,"column":69}},"26":{"start":{"line":25,"column":8},"end":{"line":27,"column":9}},"27":{"start":{"line":26,"column":12},"end":{"line":26,"column":56}},"28":{"start":{"line":28,"column":28},"end":{"line":28,"column":70}},"29":{"start":{"line":29,"column":8},"end":{"line":39,"column":9}},"30":{"start":{"line":30,"column":12},"end":{"line":34,"column":15}},"31":{"start":{"line":35,"column":12},"end":{"line":38,"column":15}},"32":{"start":{"line":40,"column":8},"end":{"line":40,"column":75}},"33":{"start":{"line":43,"column":8},"end":{"line":43,"column":53}},"34":{"start":{"line":44,"column":8},"end":{"line":44,"column":18}}},"fnMap":{"0":{"name":"(anonymous_0)","decl":{"start":{"line":2,"column":44},"end":{"line":2,"column":45}},"loc":{"start":{"line":2,"column":89},"end":{"line":10,"column":1}},"line":2},"1":{"name":"adopt","decl":{"start":{"line":3,"column":13},"end":{"line":3,"column":18}},"loc":{"start":{"line":3,"column":26},"end":{"line":3,"column":112}},"line":3},"2":{"name":"(anonymous_2)","decl":{"start":{"line":3,"column":70},"end":{"line":3,"column":71}},"loc":{"start":{"line":3,"column":89},"end":{"line":3,"column":108}},"line":3},"3":{"name":"(anonymous_3)","decl":{"start":{"line":4,"column":36},"end":{"line":4,"column":37}},"loc":{"start":{"line":4,"column":63},"end":{"line":9,"column":5}},"line":4},"4":{"name":"fulfilled","decl":{"start":{"line":5,"column":17},"end":{"line":5,"column":26}},"loc":{"start":{"line":5,"column":34},"end":{"line":5,"column":99}},"line":5},"5":{"name":"rejected","decl":{"start":{"line":6,"column":17},"end":{"line":6,"column":25}},"loc":{"start":{"line":6,"column":33},"end":{"line":6,"column":102}},"line":6},"6":{"name":"step","decl":{"start":{"line":7,"column":17},"end":{"line":7,"column":21}},"loc":{"start":{"line":7,"column":30},"end":{"line":7,"column":118}},"line":7},"7":{"name":"(anonymous_7)","decl":{"start":{"line":11,"column":56},"end":{"line":11,"column":57}},"loc":{"start":{"line":11,"column":71},"end":{"line":13,"column":1}},"line":11},"8":{"name":"(anonymous_8)","decl":{"start":{"line":18,"column":18},"end":{"line":18,"column":19}},"loc":{"start":{"line":18,"column":38},"end":{"line":46,"column":2}},"line":18},"9":{"name":"(anonymous_9)","decl":{"start":{"line":18,"column":72},"end":{"line":18,"column":73}},"loc":{"start":{"line":18,"column":85},"end":{"line":46,"column":1}},"line":18}},"branchMap":{"0":{"loc":{"start":{"line":2,"column":16},"end":{"line":10,"column":1}},"type":"binary-expr","locations":[{"start":{"line":2,"column":17},"end":{"line":2,"column":21}},{"start":{"line":2,"column":25},"end":{"line":2,"column":39}},{"start":{"line":2,"column":44},"end":{"line":10,"column":1}}],"line":2},"1":{"loc":{"start":{"line":3,"column":35},"end":{"line":3,"column":109}},"type":"cond-expr","locations":[{"start":{"line":3,"column":56},"end":{"line":3,"column":61}},{"start":{"line":3,"column":64},"end":{"line":3,"column":109}}],"line":3},"2":{"loc":{"start":{"line":4,"column":16},"end":{"line":4,"column":34}},"type":"binary-expr","locations":[{"start":{"line":4,"column":16},"end":{"line":4,"column":17}},{"start":{"line":4,"column":22},"end":{"line":4,"column":33}}],"line":4},"3":{"loc":{"start":{"line":7,"column":32},"end":{"line":7,"column":115}},"type":"cond-expr","locations":[{"start":{"line":7,"column":46},"end":{"line":7,"column":67}},{"start":{"line":7,"column":70},"end":{"line":7,"column":115}}],"line":7},"4":{"loc":{"start":{"line":8,"column":51},"end":{"line":8,"column":67}},"type":"binary-expr","locations":[{"start":{"line":8,"column":51},"end":{"line":8,"column":61}},{"start":{"line":8,"column":65},"end":{"line":8,"column":67}}],"line":8},"5":{"loc":{"start":{"line":11,"column":22},"end":{"line":13,"column":1}},"type":"binary-expr","locations":[{"start":{"line":11,"column":23},"end":{"line":11,"column":27}},{"start":{"line":11,"column":31},"end":{"line":11,"column":51}},{"start":{"line":11,"column":56},"end":{"line":13,"column":1}}],"line":11},"6":{"loc":{"start":{"line":12,"column":11},"end":{"line":12,"column":61}},"type":"cond-expr","locations":[{"start":{"line":12,"column":37},"end":{"line":12,"column":40}},{"start":{"line":12,"column":43},"end":{"line":12,"column":61}}],"line":12},"7":{"loc":{"start":{"line":12,"column":12},"end":{"line":12,"column":33}},"type":"binary-expr","locations":[{"start":{"line":12,"column":12},"end":{"line":12,"column":15}},{"start":{"line":12,"column":19},"end":{"line":12,"column":33}}],"line":12},"8":{"loc":{"start":{"line":22,"column":8},"end":{"line":23,"column":68}},"type":"if","locations":[{"start":{"line":22,"column":8},"end":{"line":23,"column":68}},{"start":{},"end":{}}],"line":22},"9":{"loc":{"start":{"line":22,"column":12},"end":{"line":22,"column":70}},"type":"binary-expr","locations":[{"start":{"line":22,"column":12},"end":{"line":22,"column":28}},{"start":{"line":22,"column":32},"end":{"line":22,"column":49}},{"start":{"line":22,"column":53},"end":{"line":22,"column":70}}],"line":22},"10":{"loc":{"start":{"line":25,"column":8},"end":{"line":27,"column":9}},"type":"if","locations":[{"start":{"line":25,"column":8},"end":{"line":27,"column":9}},{"start":{},"end":{}}],"line":25},"11":{"loc":{"start":{"line":29,"column":8},"end":{"line":39,"column":9}},"type":"if","locations":[{"start":{"line":29,"column":8},"end":{"line":39,"column":9}},{"start":{},"end":{}}],"line":29}},"s":{"0":5,"1":3,"2":3,"3":8,"4":3,"5":3,"6":0,"7":0,"8":0,"9":0,"10":11,"11":8,"12":5,"13":5,"14":5,"15":5,"16":5,"17":5,"18":5,"19":8,"20":8,"21":8,"22":8,"23":8,"24":3,"25":5,"26":5,"27":3,"28":2,"29":2,"30":1,"31":1,"32":1,"33":3,"34":3},"f":{"0":8,"1":3,"2":3,"3":8,"4":3,"5":0,"6":11,"7":5,"8":8,"9":8},"b":{"0":[5,0,5],"1":[0,3],"2":[8,8],"3":[8,3],"4":[8,8],"5":[5,0,5],"6":[5,0],"7":[5,5],"8":[3,5],"9":[8,7,6],"10":[3,2],"11":[1,1]},"_coverageSchema":"1a1c01bbd47fc00a2c39e90264f33305004495a9","hash":"c9e90a716921487b30ac70d7412c3b6cdd884a59"}
,"D:\\cataliz\\node-ts-mongo-jest\\dist\\src\\middleware\\error\\error.middleware.js": {"path":"D:\\cataliz\\node-ts-mongo-jest\\dist\\src\\middleware\\error\\error.middleware.js","statementMap":{"0":{"start":{"line":2,"column":0},"end":{"line":2,"column":62}},"1":{"start":{"line":3,"column":0},"end":{"line":3,"column":30}},"2":{"start":{"line":6,"column":21},"end":{"line":11,"column":1}},"3":{"start":{"line":7,"column":19},"end":{"line":7,"column":58}},"4":{"start":{"line":8,"column":20},"end":{"line":8,"column":56}},"5":{"start":{"line":9,"column":25},"end":{"line":9,"column":63}},"6":{"start":{"line":10,"column":4},"end":{"line":10,"column":60}},"7":{"start":{"line":12,"column":0},"end":{"line":12,"column":36}}},"fnMap":{"0":{"name":"(anonymous_0)","decl":{"start":{"line":6,"column":21},"end":{"line":6,"column":22}},"loc":{"start":{"line":6,"column":57},"end":{"line":11,"column":1}},"line":6}},"branchMap":{"0":{"loc":{"start":{"line":7,"column":19},"end":{"line":7,"column":58}},"type":"binary-expr","locations":[{"start":{"line":7,"column":19},"end":{"line":7,"column":35}},{"start":{"line":7,"column":39},"end":{"line":7,"column":51}},{"start":{"line":7,"column":55},"end":{"line":7,"column":58}}],"line":7},"1":{"loc":{"start":{"line":8,"column":20},"end":{"line":8,"column":56}},"type":"binary-expr","locations":[{"start":{"line":8,"column":20},"end":{"line":8,"column":33}},{"start":{"line":8,"column":37},"end":{"line":8,"column":56}}],"line":8},"2":{"loc":{"start":{"line":9,"column":25},"end":{"line":9,"column":63}},"type":"binary-expr","locations":[{"start":{"line":9,"column":25},"end":{"line":9,"column":36}},{"start":{"line":9,"column":40},"end":{"line":9,"column":63}}],"line":9}},"s":{"0":5,"1":5,"2":5,"3":10,"4":10,"5":10,"6":10,"7":5},"f":{"0":10},"b":{"0":[10,1,0],"1":[10,6],"2":[10,1]},"_coverageSchema":"1a1c01bbd47fc00a2c39e90264f33305004495a9","hash":"8e1d02d01bf6522bd91cbc0a01cc0f777acbc5e4"}
,"D:\\cataliz\\node-ts-mongo-jest\\dist\\src\\middleware\\notfound-handler\\not-found.middleware.js": {"path":"D:\\cataliz\\node-ts-mongo-jest\\dist\\src\\middleware\\notfound-handler\\not-found.middleware.js","statementMap":{"0":{"start":{"line":2,"column":0},"end":{"line":2,"column":62}},"1":{"start":{"line":3,"column":0},"end":{"line":3,"column":33}},"2":{"start":{"line":4,"column":24},"end":{"line":7,"column":1}},"3":{"start":{"line":5,"column":20},"end":{"line":5,"column":39}},"4":{"start":{"line":6,"column":4},"end":{"line":6,"column":43}},"5":{"start":{"line":8,"column":0},"end":{"line":8,"column":42}}},"fnMap":{"0":{"name":"(anonymous_0)","decl":{"start":{"line":4,"column":24},"end":{"line":4,"column":25}},"loc":{"start":{"line":4,"column":53},"end":{"line":7,"column":1}},"line":4}},"branchMap":{},"s":{"0":5,"1":5,"2":5,"3":0,"4":0,"5":5},"f":{"0":0},"b":{},"_coverageSchema":"1a1c01bbd47fc00a2c39e90264f33305004495a9","hash":"fd64a1a018f1ac34ca899aa5005e2d072e1505d5"}
,"D:\\cataliz\\node-ts-mongo-jest\\dist\\src\\model\\contacts.js": {"path":"D:\\cataliz\\node-ts-mongo-jest\\dist\\src\\model\\contacts.js","statementMap":{"0":{"start":{"line":2,"column":22},"end":{"line":4,"column":1}},"1":{"start":{"line":3,"column":4},"end":{"line":3,"column":62}},"2":{"start":{"line":5,"column":0},"end":{"line":5,"column":62}},"3":{"start":{"line":6,"column":0},"end":{"line":6,"column":30}},"4":{"start":{"line":7,"column":19},"end":{"line":7,"column":55}},"5":{"start":{"line":8,"column":22},"end":{"line":12,"column":2}},"6":{"start":{"line":13,"column":0},"end":{"line":13,"column":74}}},"fnMap":{"0":{"name":"(anonymous_0)","decl":{"start":{"line":2,"column":56},"end":{"line":2,"column":57}},"loc":{"start":{"line":2,"column":71},"end":{"line":4,"column":1}},"line":2}},"branchMap":{"0":{"loc":{"start":{"line":2,"column":22},"end":{"line":4,"column":1}},"type":"binary-expr","locations":[{"start":{"line":2,"column":23},"end":{"line":2,"column":27}},{"start":{"line":2,"column":31},"end":{"line":2,"column":51}},{"start":{"line":2,"column":56},"end":{"line":4,"column":1}}],"line":2},"1":{"loc":{"start":{"line":3,"column":11},"end":{"line":3,"column":61}},"type":"cond-expr","locations":[{"start":{"line":3,"column":37},"end":{"line":3,"column":40}},{"start":{"line":3,"column":43},"end":{"line":3,"column":61}}],"line":3},"2":{"loc":{"start":{"line":3,"column":12},"end":{"line":3,"column":33}},"type":"binary-expr","locations":[{"start":{"line":3,"column":12},"end":{"line":3,"column":15}},{"start":{"line":3,"column":19},"end":{"line":3,"column":33}}],"line":3}},"s":{"0":5,"1":5,"2":5,"3":5,"4":5,"5":5,"6":5},"f":{"0":5},"b":{"0":[5,0,5],"1":[0,5],"2":[5,5]},"_coverageSchema":"1a1c01bbd47fc00a2c39e90264f33305004495a9","hash":"fe283736a68378dba9adee45c0ca0d1b1209b185"}
,"D:\\cataliz\\node-ts-mongo-jest\\dist\\src\\routing\\contacts.routing.js": {"path":"D:\\cataliz\\node-ts-mongo-jest\\dist\\src\\routing\\contacts.routing.js","statementMap":{"0":{"start":{"line":2,"column":22},"end":{"line":4,"column":1}},"1":{"start":{"line":3,"column":4},"end":{"line":3,"column":62}},"2":{"start":{"line":5,"column":0},"end":{"line":5,"column":62}},"3":{"start":{"line":6,"column":0},"end":{"line":6,"column":29}},"4":{"start":{"line":10,"column":18},"end":{"line":10,"column":53}},"5":{"start":{"line":11,"column":36},"end":{"line":11,"column":112}},"6":{"start":{"line":12,"column":32},"end":{"line":12,"column":104}},"7":{"start":{"line":13,"column":35},"end":{"line":13,"column":110}},"8":{"start":{"line":14,"column":35},"end":{"line":14,"column":110}},"9":{"start":{"line":15,"column":35},"end":{"line":15,"column":110}},"10":{"start":{"line":19,"column":33},"end":{"line":19,"column":97}},"11":{"start":{"line":20,"column":33},"end":{"line":20,"column":97}},"12":{"start":{"line":24,"column":0},"end":{"line":24,"column":49}},"13":{"start":{"line":29,"column":0},"end":{"line":29,"column":66}},"14":{"start":{"line":31,"column":0},"end":{"line":31,"column":65}},"15":{"start":{"line":33,"column":0},"end":{"line":33,"column":100}},"16":{"start":{"line":35,"column":0},"end":{"line":35,"column":102}},"17":{"start":{"line":37,"column":0},"end":{"line":37,"column":71}}},"fnMap":{"0":{"name":"(anonymous_0)","decl":{"start":{"line":2,"column":56},"end":{"line":2,"column":57}},"loc":{"start":{"line":2,"column":71},"end":{"line":4,"column":1}},"line":2}},"branchMap":{"0":{"loc":{"start":{"line":2,"column":22},"end":{"line":4,"column":1}},"type":"binary-expr","locations":[{"start":{"line":2,"column":23},"end":{"line":2,"column":27}},{"start":{"line":2,"column":31},"end":{"line":2,"column":51}},{"start":{"line":2,"column":56},"end":{"line":4,"column":1}}],"line":2},"1":{"loc":{"start":{"line":3,"column":11},"end":{"line":3,"column":61}},"type":"cond-expr","locations":[{"start":{"line":3,"column":37},"end":{"line":3,"column":40}},{"start":{"line":3,"column":43},"end":{"line":3,"column":61}}],"line":3},"2":{"loc":{"start":{"line":3,"column":12},"end":{"line":3,"column":33}},"type":"binary-expr","locations":[{"start":{"line":3,"column":12},"end":{"line":3,"column":15}},{"start":{"line":3,"column":19},"end":{"line":3,"column":33}}],"line":3}},"s":{"0":5,"1":40,"2":5,"3":5,"4":5,"5":5,"6":5,"7":5,"8":5,"9":5,"10":5,"11":5,"12":5,"13":5,"14":5,"15":5,"16":5,"17":5},"f":{"0":40},"b":{"0":[5,0,5],"1":[35,5],"2":[40,40]},"_coverageSchema":"1a1c01bbd47fc00a2c39e90264f33305004495a9","hash":"da1f374bbf5e0a53a2a431425fcdad08a5b7d417"}
,"D:\\cataliz\\node-ts-mongo-jest\\dist\\src\\validation\\createContactValidator.js": {"path":"D:\\cataliz\\node-ts-mongo-jest\\dist\\src\\validation\\createContactValidator.js","statementMap":{"0":{"start":{"line":2,"column":16},"end":{"line":10,"column":1}},"1":{"start":{"line":3,"column":28},"end":{"line":3,"column":110}},"2":{"start":{"line":3,"column":91},"end":{"line":3,"column":106}},"3":{"start":{"line":4,"column":4},"end":{"line":9,"column":7}},"4":{"start":{"line":5,"column":36},"end":{"line":5,"column":97}},"5":{"start":{"line":5,"column":42},"end":{"line":5,"column":70}},"6":{"start":{"line":5,"column":85},"end":{"line":5,"column":95}},"7":{"start":{"line":6,"column":35},"end":{"line":6,"column":100}},"8":{"start":{"line":6,"column":41},"end":{"line":6,"column":73}},"9":{"start":{"line":6,"column":88},"end":{"line":6,"column":98}},"10":{"start":{"line":7,"column":32},"end":{"line":7,"column":116}},"11":{"start":{"line":8,"column":8},"end":{"line":8,"column":78}},"12":{"start":{"line":11,"column":0},"end":{"line":11,"column":62}},"13":{"start":{"line":12,"column":28},"end":{"line":12,"column":56}},"14":{"start":{"line":13,"column":19},"end":{"line":13,"column":47}},"15":{"start":{"line":14,"column":0},"end":{"line":23,"column":2}},"16":{"start":{"line":15,"column":60},"end":{"line":20,"column":6}},"17":{"start":{"line":16,"column":25},"end":{"line":16,"column":79}},"18":{"start":{"line":17,"column":8},"end":{"line":18,"column":52}},"19":{"start":{"line":18,"column":12},"end":{"line":18,"column":52}},"20":{"start":{"line":19,"column":8},"end":{"line":19,"column":20}}},"fnMap":{"0":{"name":"(anonymous_0)","decl":{"start":{"line":2,"column":44},"end":{"line":2,"column":45}},"loc":{"start":{"line":2,"column":89},"end":{"line":10,"column":1}},"line":2},"1":{"name":"adopt","decl":{"start":{"line":3,"column":13},"end":{"line":3,"column":18}},"loc":{"start":{"line":3,"column":26},"end":{"line":3,"column":112}},"line":3},"2":{"name":"(anonymous_2)","decl":{"start":{"line":3,"column":70},"end":{"line":3,"column":71}},"loc":{"start":{"line":3,"column":89},"end":{"line":3,"column":108}},"line":3},"3":{"name":"(anonymous_3)","decl":{"start":{"line":4,"column":36},"end":{"line":4,"column":37}},"loc":{"start":{"line":4,"column":63},"end":{"line":9,"column":5}},"line":4},"4":{"name":"fulfilled","decl":{"start":{"line":5,"column":17},"end":{"line":5,"column":26}},"loc":{"start":{"line":5,"column":34},"end":{"line":5,"column":99}},"line":5},"5":{"name":"rejected","decl":{"start":{"line":6,"column":17},"end":{"line":6,"column":25}},"loc":{"start":{"line":6,"column":33},"end":{"line":6,"column":102}},"line":6},"6":{"name":"step","decl":{"start":{"line":7,"column":17},"end":{"line":7,"column":21}},"loc":{"start":{"line":7,"column":30},"end":{"line":7,"column":118}},"line":7},"7":{"name":"(anonymous_7)","decl":{"start":{"line":15,"column":49},"end":{"line":15,"column":50}},"loc":{"start":{"line":15,"column":60},"end":{"line":20,"column":6}},"line":15},"8":{"name":"(anonymous_8)","decl":{"start":{"line":15,"column":94},"end":{"line":15,"column":95}},"loc":{"start":{"line":15,"column":107},"end":{"line":20,"column":5}},"line":15}},"branchMap":{"0":{"loc":{"start":{"line":2,"column":16},"end":{"line":10,"column":1}},"type":"binary-expr","locations":[{"start":{"line":2,"column":17},"end":{"line":2,"column":21}},{"start":{"line":2,"column":25},"end":{"line":2,"column":39}},{"start":{"line":2,"column":44},"end":{"line":10,"column":1}}],"line":2},"1":{"loc":{"start":{"line":3,"column":35},"end":{"line":3,"column":109}},"type":"cond-expr","locations":[{"start":{"line":3,"column":56},"end":{"line":3,"column":61}},{"start":{"line":3,"column":64},"end":{"line":3,"column":109}}],"line":3},"2":{"loc":{"start":{"line":4,"column":16},"end":{"line":4,"column":34}},"type":"binary-expr","locations":[{"start":{"line":4,"column":16},"end":{"line":4,"column":17}},{"start":{"line":4,"column":22},"end":{"line":4,"column":33}}],"line":4},"3":{"loc":{"start":{"line":7,"column":32},"end":{"line":7,"column":115}},"type":"cond-expr","locations":[{"start":{"line":7,"column":46},"end":{"line":7,"column":67}},{"start":{"line":7,"column":70},"end":{"line":7,"column":115}}],"line":7},"4":{"loc":{"start":{"line":8,"column":51},"end":{"line":8,"column":67}},"type":"binary-expr","locations":[{"start":{"line":8,"column":51},"end":{"line":8,"column":61}},{"start":{"line":8,"column":65},"end":{"line":8,"column":67}}],"line":8},"5":{"loc":{"start":{"line":17,"column":8},"end":{"line":18,"column":52}},"type":"if","locations":[{"start":{"line":17,"column":8},"end":{"line":18,"column":52}},{"start":{},"end":{}}],"line":17}},"s":{"0":5,"1":7,"2":7,"3":7,"4":7,"5":7,"6":1,"7":0,"8":0,"9":0,"10":13,"11":7,"12":5,"13":5,"14":5,"15":5,"16":7,"17":7,"18":7,"19":1,"20":6},"f":{"0":7,"1":7,"2":7,"3":7,"4":7,"5":0,"6":13,"7":7,"8":7},"b":{"0":[5,0,5],"1":[0,7],"2":[7,7],"3":[6,7],"4":[7,7],"5":[1,6]},"_coverageSchema":"1a1c01bbd47fc00a2c39e90264f33305004495a9","hash":"3d71b94884a24ebda413182a7ad222f1182acb11"}
,"D:\\cataliz\\node-ts-mongo-jest\\dist\\src\\validation\\updateContactValidator.js": {"path":"D:\\cataliz\\node-ts-mongo-jest\\dist\\src\\validation\\updateContactValidator.js","statementMap":{"0":{"start":{"line":2,"column":16},"end":{"line":10,"column":1}},"1":{"start":{"line":3,"column":28},"end":{"line":3,"column":110}},"2":{"start":{"line":3,"column":91},"end":{"line":3,"column":106}},"3":{"start":{"line":4,"column":4},"end":{"line":9,"column":7}},"4":{"start":{"line":5,"column":36},"end":{"line":5,"column":97}},"5":{"start":{"line":5,"column":42},"end":{"line":5,"column":70}},"6":{"start":{"line":5,"column":85},"end":{"line":5,"column":95}},"7":{"start":{"line":6,"column":35},"end":{"line":6,"column":100}},"8":{"start":{"line":6,"column":41},"end":{"line":6,"column":73}},"9":{"start":{"line":6,"column":88},"end":{"line":6,"column":98}},"10":{"start":{"line":7,"column":32},"end":{"line":7,"column":116}},"11":{"start":{"line":8,"column":8},"end":{"line":8,"column":78}},"12":{"start":{"line":11,"column":0},"end":{"line":11,"column":62}},"13":{"start":{"line":12,"column":28},"end":{"line":12,"column":56}},"14":{"start":{"line":13,"column":19},"end":{"line":13,"column":47}},"15":{"start":{"line":14,"column":0},"end":{"line":29,"column":2}},"16":{"start":{"line":15,"column":69},"end":{"line":26,"column":6}},"17":{"start":{"line":17,"column":19},"end":{"line":17,"column":79}},"18":{"start":{"line":18,"column":25},"end":{"line":20,"column":10}},"19":{"start":{"line":21,"column":29},"end":{"line":21,"column":71}},"20":{"start":{"line":22,"column":21},"end":{"line":22,"column":27}},"21":{"start":{"line":23,"column":8},"end":{"line":24,"column":52}},"22":{"start":{"line":24,"column":12},"end":{"line":24,"column":52}},"23":{"start":{"line":25,"column":8},"end":{"line":25,"column":20}}},"fnMap":{"0":{"name":"(anonymous_0)","decl":{"start":{"line":2,"column":44},"end":{"line":2,"column":45}},"loc":{"start":{"line":2,"column":89},"end":{"line":10,"column":1}},"line":2},"1":{"name":"adopt","decl":{"start":{"line":3,"column":13},"end":{"line":3,"column":18}},"loc":{"start":{"line":3,"column":26},"end":{"line":3,"column":112}},"line":3},"2":{"name":"(anonymous_2)","decl":{"start":{"line":3,"column":70},"end":{"line":3,"column":71}},"loc":{"start":{"line":3,"column":89},"end":{"line":3,"column":108}},"line":3},"3":{"name":"(anonymous_3)","decl":{"start":{"line":4,"column":36},"end":{"line":4,"column":37}},"loc":{"start":{"line":4,"column":63},"end":{"line":9,"column":5}},"line":4},"4":{"name":"fulfilled","decl":{"start":{"line":5,"column":17},"end":{"line":5,"column":26}},"loc":{"start":{"line":5,"column":34},"end":{"line":5,"column":99}},"line":5},"5":{"name":"rejected","decl":{"start":{"line":6,"column":17},"end":{"line":6,"column":25}},"loc":{"start":{"line":6,"column":33},"end":{"line":6,"column":102}},"line":6},"6":{"name":"step","decl":{"start":{"line":7,"column":17},"end":{"line":7,"column":21}},"loc":{"start":{"line":7,"column":30},"end":{"line":7,"column":118}},"line":7},"7":{"name":"(anonymous_7)","decl":{"start":{"line":15,"column":49},"end":{"line":15,"column":50}},"loc":{"start":{"line":15,"column":69},"end":{"line":26,"column":6}},"line":15},"8":{"name":"(anonymous_8)","decl":{"start":{"line":15,"column":103},"end":{"line":15,"column":104}},"loc":{"start":{"line":15,"column":116},"end":{"line":26,"column":5}},"line":15}},"branchMap":{"0":{"loc":{"start":{"line":2,"column":16},"end":{"line":10,"column":1}},"type":"binary-expr","locations":[{"start":{"line":2,"column":17},"end":{"line":2,"column":21}},{"start":{"line":2,"column":25},"end":{"line":2,"column":39}},{"start":{"line":2,"column":44},"end":{"line":10,"column":1}}],"line":2},"1":{"loc":{"start":{"line":3,"column":35},"end":{"line":3,"column":109}},"type":"cond-expr","locations":[{"start":{"line":3,"column":56},"end":{"line":3,"column":61}},{"start":{"line":3,"column":64},"end":{"line":3,"column":109}}],"line":3},"2":{"loc":{"start":{"line":4,"column":16},"end":{"line":4,"column":34}},"type":"binary-expr","locations":[{"start":{"line":4,"column":16},"end":{"line":4,"column":17}},{"start":{"line":4,"column":22},"end":{"line":4,"column":33}}],"line":4},"3":{"loc":{"start":{"line":7,"column":32},"end":{"line":7,"column":115}},"type":"cond-expr","locations":[{"start":{"line":7,"column":46},"end":{"line":7,"column":67}},{"start":{"line":7,"column":70},"end":{"line":7,"column":115}}],"line":7},"4":{"loc":{"start":{"line":8,"column":51},"end":{"line":8,"column":67}},"type":"binary-expr","locations":[{"start":{"line":8,"column":51},"end":{"line":8,"column":61}},{"start":{"line":8,"column":65},"end":{"line":8,"column":67}}],"line":8},"5":{"loc":{"start":{"line":17,"column":19},"end":{"line":17,"column":79}},"type":"cond-expr","locations":[{"start":{"line":17,"column":65},"end":{"line":17,"column":71}},{"start":{"line":17,"column":74},"end":{"line":17,"column":79}}],"line":17},"6":{"loc":{"start":{"line":17,"column":19},"end":{"line":17,"column":62}},"type":"binary-expr","locations":[{"start":{"line":17,"column":19},"end":{"line":17,"column":45}},{"start":{"line":17,"column":49},"end":{"line":17,"column":62}}],"line":17},"7":{"loc":{"start":{"line":23,"column":8},"end":{"line":24,"column":52}},"type":"if","locations":[{"start":{"line":23,"column":8},"end":{"line":24,"column":52}},{"start":{},"end":{}}],"line":23},"8":{"loc":{"start":{"line":23,"column":12},"end":{"line":23,"column":71}},"type":"binary-expr","locations":[{"start":{"line":23,"column":12},"end":{"line":23,"column":20}},{"start":{"line":23,"column":25},"end":{"line":23,"column":38}},{"start":{"line":23,"column":42},"end":{"line":23,"column":70}}],"line":23}},"s":{"0":5,"1":16,"2":16,"3":8,"4":15,"5":15,"6":0,"7":1,"8":1,"9":1,"10":23,"11":8,"12":5,"13":5,"14":5,"15":5,"16":8,"17":8,"18":8,"19":8,"20":7,"21":7,"22":0,"23":7},"f":{"0":8,"1":16,"2":16,"3":8,"4":15,"5":1,"6":23,"7":8,"8":8},"b":{"0":[5,0,5],"1":[0,16],"2":[8,8],"3":[7,16],"4":[8,8],"5":[0,8],"6":[8,8],"7":[0,7],"8":[7,3,3]},"_coverageSchema":"1a1c01bbd47fc00a2c39e90264f33305004495a9","hash":"0e68ecbbc66735845850a03edefe736d2a55f32a"}
,"D:\\cataliz\\node-ts-mongo-jest\\src\\app.ts": {"path":"D:\\cataliz\\node-ts-mongo-jest\\src\\app.ts","statementMap":{"0":{"start":{"line":14,"column":0},"end":{"line":14,"column":16}},"1":{"start":{"line":18,"column":0},"end":{"line":20,"column":3}},"2":{"start":{"line":19,"column":5},"end":{"line":19,"column":53}},"3":{"start":{"line":27,"column":0},"end":{"line":29,"column":1}},"4":{"start":{"line":28,"column":5},"end":{"line":28,"column":21}},"5":{"start":{"line":30,"column":21},"end":{"line":30,"column":61}},"6":{"start":{"line":32,"column":12},"end":{"line":32,"column":21}},"7":{"start":{"line":38,"column":0},"end":{"line":38,"column":18}},"8":{"start":{"line":39,"column":0},"end":{"line":39,"column":16}},"9":{"start":{"line":40,"column":0},"end":{"line":40,"column":24}},"10":{"start":{"line":41,"column":0},"end":{"line":41,"column":34}},"11":{"start":{"line":42,"column":0},"end":{"line":42,"column":22}},"12":{"start":{"line":43,"column":0},"end":{"line":43,"column":25}}},"fnMap":{"0":{"name":"(anonymous_0)","decl":{"start":{"line":18,"column":33},"end":{"line":18,"column":34}},"loc":{"start":{"line":18,"column":39},"end":{"line":20,"column":1}},"line":18}},"branchMap":{"0":{"loc":{"start":{"line":27,"column":0},"end":{"line":29,"column":1}},"type":"if","locations":[{"start":{"line":27,"column":0},"end":{"line":29,"column":1}},{"start":{},"end":{}}],"line":27}},"s":{"0":5,"1":5,"2":5,"3":5,"4":0,"5":5,"6":5,"7":5,"8":5,"9":5,"10":5,"11":5,"12":5},"f":{"0":5},"b":{"0":[0,5]},"_coverageSchema":"1a1c01bbd47fc00a2c39e90264f33305004495a9","hash":"7fa6117de0d8b52e54a1475dd271abbc674948ef"}
,"D:\\cataliz\\node-ts-mongo-jest\\src\\common\\http-exception.ts": {"path":"D:\\cataliz\\node-ts-mongo-jest\\src\\common\\http-exception.ts","statementMap":{"0":{"start":{"line":4,"column":12},"end":{"line":4,"column":21}},"1":{"start":{"line":25,"column":10},"end":{"line":25,"column":25}},"2":{"start":{"line":27,"column":10},"end":{"line":27,"column":46}},"3":{"start":{"line":28,"column":10},"end":{"line":28,"column":39}},"4":{"start":{"line":29,"column":10},"end":{"line":29,"column":56}}},"fnMap":{"0":{"name":"(anonymous_0)","decl":{"start":{"line":12,"column":5},"end":{"line":12,"column":6}},"loc":{"start":{"line":24,"column":8},"end":{"line":31,"column":6}},"line":24}},"branchMap":{"0":{"loc":{"start":{"line":27,"column":28},"end":{"line":27,"column":45}},"type":"binary-expr","locations":[{"start":{"line":27,"column":28},"end":{"line":27,"column":38}},{"start":{"line":27,"column":42},"end":{"line":27,"column":45}}],"line":27},"1":{"loc":{"start":{"line":28,"column":25},"end":{"line":28,"column":38}},"type":"binary-expr","locations":[{"start":{"line":28,"column":25},"end":{"line":28,"column":32}},{"start":{"line":28,"column":36},"end":{"line":28,"column":38}}],"line":28},"2":{"loc":{"start":{"line":29,"column":23},"end":{"line":29,"column":55}},"type":"binary-expr","locations":[{"start":{"line":29,"column":23},"end":{"line":29,"column":28}},{"start":{"line":29,"column":32},"end":{"line":29,"column":55}}],"line":29}},"s":{"0":5,"1":9,"2":9,"3":9,"4":9},"f":{"0":9},"b":{"0":[9,1],"1":[9,6],"2":[9,8]},"_coverageSchema":"1a1c01bbd47fc00a2c39e90264f33305004495a9","hash":"139d1c90b0f109c829505eeb1b165c1038e1bbf3"}
,"D:\\cataliz\\node-ts-mongo-jest\\src\\db\\db.ts": {"path":"D:\\cataliz\\node-ts-mongo-jest\\src\\db\\db.ts","statementMap":{"0":{"start":{"line":3,"column":18},"end":{"line":3,"column":55}},"1":{"start":{"line":5,"column":0},"end":{"line":5,"column":28}},"2":{"start":{"line":6,"column":0},"end":{"line":8,"column":3}},"3":{"start":{"line":7,"column":6},"end":{"line":7,"column":53}}},"fnMap":{"0":{"name":"(anonymous_0)","decl":{"start":{"line":6,"column":32},"end":{"line":6,"column":33}},"loc":{"start":{"line":6,"column":43},"end":{"line":8,"column":1}},"line":6}},"branchMap":{},"s":{"0":5,"1":5,"2":5,"3":0},"f":{"0":0},"b":{},"_coverageSchema":"1a1c01bbd47fc00a2c39e90264f33305004495a9","hash":"20e2ef169c8022997ec1190bb271632f75090d1a"}
,"D:\\cataliz\\node-ts-mongo-jest\\src\\middleware\\contacts\\createContact.middleware.ts": {"path":"D:\\cataliz\\node-ts-mongo-jest\\src\\middleware\\contacts\\createContact.middleware.ts","statementMap":{"0":{"start":{"line":7,"column":5},"end":{"line":26,"column":6}},"1":{"start":{"line":8,"column":42},"end":{"line":8,"column":50}},"2":{"start":{"line":9,"column":10},"end":{"line":10,"column":60}},"3":{"start":{"line":10,"column":15},"end":{"line":10,"column":60}},"4":{"start":{"line":12,"column":30},"end":{"line":12,"column":51}},"5":{"start":{"line":13,"column":10},"end":{"line":22,"column":11}},"6":{"start":{"line":14,"column":15},"end":{"line":14,"column":59}},"7":{"start":{"line":16,"column":31},"end":{"line":16,"column":68}},"8":{"start":{"line":17,"column":15},"end":{"line":21,"column":18}},"9":{"start":{"line":24,"column":10},"end":{"line":24,"column":55}},"10":{"start":{"line":25,"column":10},"end":{"line":25,"column":20}}},"fnMap":{"0":{"name":"(anonymous_0)","decl":{"start":{"line":6,"column":15},"end":{"line":6,"column":16}},"loc":{"start":{"line":6,"column":74},"end":{"line":27,"column":1}},"line":6}},"branchMap":{"0":{"loc":{"start":{"line":9,"column":10},"end":{"line":10,"column":60}},"type":"if","locations":[{"start":{"line":9,"column":10},"end":{"line":10,"column":60}},{"start":{},"end":{}}],"line":9},"1":{"loc":{"start":{"line":9,"column":14},"end":{"line":9,"column":72}},"type":"binary-expr","locations":[{"start":{"line":9,"column":14},"end":{"line":9,"column":30}},{"start":{"line":9,"column":34},"end":{"line":9,"column":51}},{"start":{"line":9,"column":55},"end":{"line":9,"column":72}}],"line":9},"2":{"loc":{"start":{"line":13,"column":10},"end":{"line":22,"column":11}},"type":"if","locations":[{"start":{"line":13,"column":10},"end":{"line":22,"column":11}},{"start":{"line":15,"column":17},"end":{"line":22,"column":11}}],"line":13}},"s":{"0":7,"1":7,"2":7,"3":3,"4":4,"5":4,"6":3,"7":1,"8":1,"9":3,"10":3},"f":{"0":7},"b":{"0":[3,4],"1":[7,6,5],"2":[3,1]},"_coverageSchema":"1a1c01bbd47fc00a2c39e90264f33305004495a9","hash":"935f3e7a6999e0a281740d75c710c723116a3d42"}
,"D:\\cataliz\\node-ts-mongo-jest\\src\\middleware\\contacts\\deleteContact.middleware.ts": {"path":"D:\\cataliz\\node-ts-mongo-jest\\src\\middleware\\contacts\\deleteContact.middleware.ts","statementMap":{"0":{"start":{"line":6,"column":16},"end":{"line":6,"column":29}},"1":{"start":{"line":8,"column":4},"end":{"line":19,"column":5}},"2":{"start":{"line":9,"column":44},"end":{"line":9,"column":75}},"3":{"start":{"line":10,"column":10},"end":{"line":13,"column":11}},"4":{"start":{"line":11,"column":16},"end":{"line":11,"column":58}},"5":{"start":{"line":12,"column":16},"end":{"line":12,"column":92}},"6":{"start":{"line":14,"column":10},"end":{"line":14,"column":67}},"7":{"start":{"line":16,"column":10},"end":{"line":16,"column":54}},"8":{"start":{"line":17,"column":10},"end":{"line":17,"column":25}},"9":{"start":{"line":18,"column":10},"end":{"line":18,"column":17}}},"fnMap":{"0":{"name":"(anonymous_0)","decl":{"start":{"line":5,"column":15},"end":{"line":5,"column":16}},"loc":{"start":{"line":5,"column":76},"end":{"line":20,"column":1}},"line":5}},"branchMap":{"0":{"loc":{"start":{"line":10,"column":10},"end":{"line":13,"column":11}},"type":"if","locations":[{"start":{"line":10,"column":10},"end":{"line":13,"column":11}},{"start":{},"end":{}}],"line":10}},"s":{"0":3,"1":3,"2":3,"3":2,"4":1,"5":1,"6":1,"7":1,"8":1,"9":1},"f":{"0":3},"b":{"0":[1,1]},"_coverageSchema":"1a1c01bbd47fc00a2c39e90264f33305004495a9","hash":"59a02955fd2c0209d2d121366a4d2cc5ac00e205"}
,"D:\\cataliz\\node-ts-mongo-jest\\src\\middleware\\contacts\\getAllContacts.middleware.ts": {"path":"D:\\cataliz\\node-ts-mongo-jest\\src\\middleware\\contacts\\getAllContacts.middleware.ts","statementMap":{"0":{"start":{"line":8,"column":5},"end":{"line":15,"column":6}},"1":{"start":{"line":9,"column":39},"end":{"line":9,"column":64}},"2":{"start":{"line":10,"column":10},"end":{"line":11,"column":89}},"3":{"start":{"line":11,"column":15},"end":{"line":11,"column":89}},"4":{"start":{"line":12,"column":10},"end":{"line":12,"column":38}},"5":{"start":{"line":14,"column":10},"end":{"line":14,"column":18}}},"fnMap":{"0":{"name":"(anonymous_0)","decl":{"start":{"line":7,"column":15},"end":{"line":7,"column":16}},"loc":{"start":{"line":7,"column":74},"end":{"line":16,"column":1}},"line":7}},"branchMap":{"0":{"loc":{"start":{"line":10,"column":10},"end":{"line":11,"column":89}},"type":"if","locations":[{"start":{"line":10,"column":10},"end":{"line":11,"column":89}},{"start":{},"end":{}}],"line":10}},"s":{"0":2,"1":2,"2":1,"3":0,"4":1,"5":1},"f":{"0":2},"b":{"0":[0,1]},"_coverageSchema":"1a1c01bbd47fc00a2c39e90264f33305004495a9","hash":"5a8d4fc04abccd92f894aa6020e4d688785aad01"}
,"D:\\cataliz\\node-ts-mongo-jest\\src\\middleware\\contacts\\getContact.middleware.ts": {"path":"D:\\cataliz\\node-ts-mongo-jest\\src\\middleware\\contacts\\getContact.middleware.ts","statementMap":{"0":{"start":{"line":7,"column":19},"end":{"line":7,"column":35}},"1":{"start":{"line":10,"column":5},"end":{"line":23,"column":6}},"2":{"start":{"line":11,"column":21},"end":{"line":11,"column":34}},"3":{"start":{"line":12,"column":10},"end":{"line":13,"column":95}},"4":{"start":{"line":13,"column":15},"end":{"line":13,"column":95}},"5":{"start":{"line":16,"column":43},"end":{"line":16,"column":74}},"6":{"start":{"line":17,"column":10},"end":{"line":19,"column":11}},"7":{"start":{"line":18,"column":15},"end":{"line":18,"column":127}},"8":{"start":{"line":20,"column":10},"end":{"line":20,"column":44}},"9":{"start":{"line":22,"column":10},"end":{"line":22,"column":18}}},"fnMap":{"0":{"name":"(anonymous_0)","decl":{"start":{"line":9,"column":15},"end":{"line":9,"column":16}},"loc":{"start":{"line":9,"column":74},"end":{"line":24,"column":1}},"line":9}},"branchMap":{"0":{"loc":{"start":{"line":12,"column":10},"end":{"line":13,"column":95}},"type":"if","locations":[{"start":{"line":12,"column":10},"end":{"line":13,"column":95}},{"start":{},"end":{}}],"line":12},"1":{"loc":{"start":{"line":17,"column":10},"end":{"line":19,"column":11}},"type":"if","locations":[{"start":{"line":17,"column":10},"end":{"line":19,"column":11}},{"start":{},"end":{}}],"line":17}},"s":{"0":5,"1":3,"2":3,"3":3,"4":1,"5":2,"6":2,"7":1,"8":1,"9":2},"f":{"0":3},"b":{"0":[1,2],"1":[1,1]},"_coverageSchema":"1a1c01bbd47fc00a2c39e90264f33305004495a9","hash":"a3ea8231fefe869a252432e05a35e9ec4651c22e"}
,"D:\\cataliz\\node-ts-mongo-jest\\src\\middleware\\contacts\\updateContact.middleware.ts": {"path":"D:\\cataliz\\node-ts-mongo-jest\\src\\middleware\\contacts\\updateContact.middleware.ts","statementMap":{"0":{"start":{"line":7,"column":5},"end":{"line":40,"column":6}},"1":{"start":{"line":8,"column":21},"end":{"line":8,"column":34}},"2":{"start":{"line":10,"column":42},"end":{"line":10,"column":50}},"3":{"start":{"line":11,"column":10},"end":{"line":12,"column":59}},"4":{"start":{"line":12,"column":15},"end":{"line":12,"column":59}},"5":{"start":{"line":15,"column":30},"end":{"line":15,"column":51}},"6":{"start":{"line":16,"column":10},"end":{"line":18,"column":11}},"7":{"start":{"line":17,"column":15},"end":{"line":17,"column":59}},"8":{"start":{"line":20,"column":50},"end":{"line":20,"column":81}},"9":{"start":{"line":21,"column":10},"end":{"line":34,"column":11}},"10":{"start":{"line":22,"column":15},"end":{"line":29,"column":17}},"11":{"start":{"line":30,"column":15},"end":{"line":33,"column":18}},"12":{"start":{"line":36,"column":10},"end":{"line":36,"column":77}},"13":{"start":{"line":38,"column":10},"end":{"line":38,"column":55}},"14":{"start":{"line":39,"column":10},"end":{"line":39,"column":20}}},"fnMap":{"0":{"name":"(anonymous_0)","decl":{"start":{"line":6,"column":15},"end":{"line":6,"column":16}},"loc":{"start":{"line":6,"column":74},"end":{"line":41,"column":1}},"line":6}},"branchMap":{"0":{"loc":{"start":{"line":11,"column":10},"end":{"line":12,"column":59}},"type":"if","locations":[{"start":{"line":11,"column":10},"end":{"line":12,"column":59}},{"start":{},"end":{}}],"line":11},"1":{"loc":{"start":{"line":11,"column":14},"end":{"line":11,"column":72}},"type":"binary-expr","locations":[{"start":{"line":11,"column":14},"end":{"line":11,"column":30}},{"start":{"line":11,"column":34},"end":{"line":11,"column":51}},{"start":{"line":11,"column":55},"end":{"line":11,"column":72}}],"line":11},"2":{"loc":{"start":{"line":16,"column":10},"end":{"line":18,"column":11}},"type":"if","locations":[{"start":{"line":16,"column":10},"end":{"line":18,"column":11}},{"start":{},"end":{}}],"line":16},"3":{"loc":{"start":{"line":21,"column":10},"end":{"line":34,"column":11}},"type":"if","locations":[{"start":{"line":21,"column":10},"end":{"line":34,"column":11}},{"start":{},"end":{}}],"line":21}},"s":{"0":8,"1":8,"2":8,"3":8,"4":3,"5":5,"6":5,"7":3,"8":2,"9":2,"10":1,"11":1,"12":1,"13":3,"14":3},"f":{"0":8},"b":{"0":[3,5],"1":[8,7,6],"2":[3,2],"3":[1,1]},"_coverageSchema":"1a1c01bbd47fc00a2c39e90264f33305004495a9","hash":"61654cc3cc2df1526523362172df31f2cd79694f"}
,"D:\\cataliz\\node-ts-mongo-jest\\src\\middleware\\error\\error.middleware.ts": {"path":"D:\\cataliz\\node-ts-mongo-jest\\src\\middleware\\error\\error.middleware.ts","statementMap":{"0":{"start":{"line":6,"column":28},"end":{"line":16,"column":1}},"1":{"start":{"line":12,"column":20},"end":{"line":12,"column":59}},"2":{"start":{"line":13,"column":21},"end":{"line":13,"column":57}},"3":{"start":{"line":14,"column":26},"end":{"line":14,"column":64}},"4":{"start":{"line":15,"column":5},"end":{"line":15,"column":61}}},"fnMap":{"0":{"name":"(anonymous_0)","decl":{"start":{"line":6,"column":28},"end":{"line":6,"column":29}},"loc":{"start":{"line":11,"column":5},"end":{"line":16,"column":1}},"line":11}},"branchMap":{"0":{"loc":{"start":{"line":12,"column":20},"end":{"line":12,"column":59}},"type":"binary-expr","locations":[{"start":{"line":12,"column":20},"end":{"line":12,"column":36}},{"start":{"line":12,"column":40},"end":{"line":12,"column":52}},{"start":{"line":12,"column":56},"end":{"line":12,"column":59}}],"line":12},"1":{"loc":{"start":{"line":13,"column":21},"end":{"line":13,"column":57}},"type":"binary-expr","locations":[{"start":{"line":13,"column":21},"end":{"line":13,"column":34}},{"start":{"line":13,"column":38},"end":{"line":13,"column":57}}],"line":13},"2":{"loc":{"start":{"line":14,"column":26},"end":{"line":14,"column":64}},"type":"binary-expr","locations":[{"start":{"line":14,"column":26},"end":{"line":14,"column":37}},{"start":{"line":14,"column":41},"end":{"line":14,"column":64}}],"line":14}},"s":{"0":5,"1":10,"2":10,"3":10,"4":10},"f":{"0":10},"b":{"0":[10,1,0],"1":[10,6],"2":[10,1]},"_coverageSchema":"1a1c01bbd47fc00a2c39e90264f33305004495a9","hash":"d2339c0615f759f667085bde01c6f37da8617d5b"}
,"D:\\cataliz\\node-ts-mongo-jest\\src\\middleware\\notfound-handler\\not-found.middleware.ts": {"path":"D:\\cataliz\\node-ts-mongo-jest\\src\\middleware\\notfound-handler\\not-found.middleware.ts","statementMap":{"0":{"start":{"line":3,"column":31},"end":{"line":11,"column":1}},"1":{"start":{"line":8,"column":22},"end":{"line":8,"column":41}},"2":{"start":{"line":10,"column":6},"end":{"line":10,"column":43}}},"fnMap":{"0":{"name":"(anonymous_0)","decl":{"start":{"line":3,"column":31},"end":{"line":3,"column":32}},"loc":{"start":{"line":7,"column":5},"end":{"line":11,"column":1}},"line":7}},"branchMap":{},"s":{"0":5,"1":0,"2":0},"f":{"0":0},"b":{},"_coverageSchema":"1a1c01bbd47fc00a2c39e90264f33305004495a9","hash":"df5b26c87b349667cea7307888ab1c47a1525b9e"}
,"D:\\cataliz\\node-ts-mongo-jest\\src\\model\\contacts.ts": {"path":"D:\\cataliz\\node-ts-mongo-jest\\src\\model\\contacts.ts","statementMap":{"0":{"start":{"line":10,"column":43},"end":{"line":14,"column":2}},"1":{"start":{"line":16,"column":48},"end":{"line":16,"column":101}}},"fnMap":{},"branchMap":{},"s":{"0":5,"1":5},"f":{},"b":{},"_coverageSchema":"1a1c01bbd47fc00a2c39e90264f33305004495a9","hash":"2176f671dee50657a7cd713ac0a77dd5f0e3aecf"}
,"D:\\cataliz\\node-ts-mongo-jest\\src\\routing\\contacts.routing.ts": {"path":"D:\\cataliz\\node-ts-mongo-jest\\src\\routing\\contacts.routing.ts","statementMap":{"0":{"start":{"line":26,"column":27},"end":{"line":26,"column":43}},"1":{"start":{"line":34,"column":0},"end":{"line":34,"column":33}},"2":{"start":{"line":37,"column":0},"end":{"line":37,"column":33}},"3":{"start":{"line":40,"column":0},"end":{"line":40,"column":59}},"4":{"start":{"line":43,"column":0},"end":{"line":43,"column":63}},"5":{"start":{"line":46,"column":0},"end":{"line":46,"column":41}}},"fnMap":{},"branchMap":{},"s":{"0":5,"1":5,"2":5,"3":5,"4":5,"5":5},"f":{},"b":{},"_coverageSchema":"1a1c01bbd47fc00a2c39e90264f33305004495a9","hash":"0c45c7c597c41c107b3306abe101f7f34e216a80"}
,"D:\\cataliz\\node-ts-mongo-jest\\src\\validation\\createContactValidator.ts": {"path":"D:\\cataliz\\node-ts-mongo-jest\\src\\validation\\createContactValidator.ts","statementMap":{"0":{"start":{"line":7,"column":43},"end":{"line":7,"column":85}},"1":{"start":{"line":8,"column":10},"end":{"line":8,"column":63}},"2":{"start":{"line":8,"column":23},"end":{"line":8,"column":63}},"3":{"start":{"line":9,"column":10},"end":{"line":9,"column":22}}},"fnMap":{"0":{"name":"(anonymous_0)","decl":{"start":{"line":6,"column":24},"end":{"line":6,"column":25}},"loc":{"start":{"line":6,"column":39},"end":{"line":10,"column":5}},"line":6}},"branchMap":{"0":{"loc":{"start":{"line":8,"column":10},"end":{"line":8,"column":63}},"type":"if","locations":[{"start":{"line":8,"column":10},"end":{"line":8,"column":63}},{"start":{},"end":{}}],"line":8}},"s":{"0":7,"1":7,"2":1,"3":6},"f":{"0":7},"b":{"0":[1,6]},"_coverageSchema":"1a1c01bbd47fc00a2c39e90264f33305004495a9","hash":"5dea26dee5296d15331435455031746bc8c6b80c"}
,"D:\\cataliz\\node-ts-mongo-jest\\src\\validation\\updateContactValidator.ts": {"path":"D:\\cataliz\\node-ts-mongo-jest\\src\\validation\\updateContactValidator.ts","statementMap":{"0":{"start":{"line":11,"column":15},"end":{"line":11,"column":29}},"1":{"start":{"line":12,"column":41},"end":{"line":14,"column":6}},"2":{"start":{"line":15,"column":45},"end":{"line":15,"column":76}},"3":{"start":{"line":18,"column":32},"end":{"line":18,"column":51}},"4":{"start":{"line":20,"column":4},"end":{"line":21,"column":46}},"5":{"start":{"line":21,"column":6},"end":{"line":21,"column":46}},"6":{"start":{"line":22,"column":4},"end":{"line":22,"column":16}}},"fnMap":{"0":{"name":"(anonymous_0)","decl":{"start":{"line":10,"column":22},"end":{"line":10,"column":23}},"loc":{"start":{"line":10,"column":48},"end":{"line":23,"column":3}},"line":10}},"branchMap":{"0":{"loc":{"start":{"line":20,"column":4},"end":{"line":21,"column":46}},"type":"if","locations":[{"start":{"line":20,"column":4},"end":{"line":21,"column":46}},{"start":{},"end":{}}],"line":20},"1":{"loc":{"start":{"line":20,"column":8},"end":{"line":20,"column":67}},"type":"binary-expr","locations":[{"start":{"line":20,"column":8},"end":{"line":20,"column":16}},{"start":{"line":20,"column":21},"end":{"line":20,"column":34}},{"start":{"line":20,"column":38},"end":{"line":20,"column":66}}],"line":20}},"s":{"0":8,"1":8,"2":8,"3":7,"4":7,"5":0,"6":7},"f":{"0":8},"b":{"0":[0,7],"1":[7,3,3]},"_coverageSchema":"1a1c01bbd47fc00a2c39e90264f33305004495a9","hash":"36dd609c0f477775c94ef4a0966bc69b32d2f3f6"}
}
