TN:
SF:dist\src\app.js
FN:2,(anonymous_0)
FN:6,(anonymous_1)
FN:9,(anonymous_2)
FN:13,(anonymous_3)
FN:15,(anonymous_4)
FN:18,(anonymous_5)
FN:25,(anonymous_6)
FN:43,(anonymous_7)
FNF:8
FNH:6
FNDA:35,(anonymous_0)
FNDA:5,(anonymous_1)
FNDA:0,(anonymous_2)
FNDA:5,(anonymous_3)
FNDA:0,(anonymous_4)
FNDA:5,(anonymous_5)
FNDA:20,(anonymous_6)
FNDA:5,(anonymous_7)
DA:2,5
DA:3,35
DA:4,35
DA:5,35
DA:6,35
DA:8,35
DA:10,0
DA:11,0
DA:13,5
DA:14,5
DA:16,0
DA:18,5
DA:19,5
DA:20,5
DA:21,35
DA:22,5
DA:23,5
DA:25,5
DA:26,20
DA:28,5
DA:29,5
DA:33,5
DA:34,5
DA:35,5
DA:36,5
DA:37,5
DA:38,5
DA:39,5
DA:40,5
DA:42,5
DA:43,5
DA:44,5
DA:50,5
DA:51,0
DA:53,5
DA:54,5
DA:55,5
DA:59,5
DA:60,5
DA:61,5
DA:62,5
DA:63,5
DA:64,5
LF:43
LH:39
BRDA:2,0,0,5
BRDA:2,0,1,0
BRDA:2,0,2,5
BRDA:2,1,0,5
BRDA:2,1,1,0
BRDA:3,2,0,35
BRDA:3,2,1,0
BRDA:5,3,0,35
BRDA:5,3,1,0
BRDA:5,4,0,35
BRDA:5,4,1,35
BRDA:5,5,0,0
BRDA:5,5,1,35
BRDA:5,6,0,35
BRDA:5,6,1,0
BRDA:10,7,0,0
BRDA:10,7,1,0
BRDA:13,8,0,5
BRDA:13,8,1,0
BRDA:13,8,2,5
BRDA:13,9,0,5
BRDA:13,9,1,0
BRDA:18,10,0,5
BRDA:18,10,1,0
BRDA:18,10,2,5
BRDA:19,11,0,0
BRDA:19,11,1,5
BRDA:19,12,0,5
BRDA:19,12,1,5
BRDA:21,13,0,5
BRDA:21,13,1,0
BRDA:21,14,0,35
BRDA:21,14,1,0
BRDA:21,15,0,35
BRDA:21,15,1,35
BRDA:25,16,0,5
BRDA:25,16,1,0
BRDA:25,16,2,5
BRDA:26,17,0,5
BRDA:26,17,1,15
BRDA:26,18,0,20
BRDA:26,18,1,20
BRDA:50,19,0,0
BRDA:50,19,1,5
BRF:44
BRH:28
end_of_record
TN:
SF:dist\src\common\http-exception.js
FN:2,(anonymous_0)
FN:9,(anonymous_1)
FNF:2
FNH:2
FNDA:5,(anonymous_0)
FNDA:9,(anonymous_1)
DA:2,5
DA:3,5
DA:5,5
DA:6,5
DA:7,5
DA:13,9
DA:14,9
DA:15,9
DA:16,9
DA:20,5
LF:10
LH:10
BRDA:2,0,0,5
BRDA:2,0,1,0
BRDA:2,0,2,5
BRDA:3,1,0,0
BRDA:3,1,1,5
BRDA:3,2,0,5
BRDA:3,2,1,5
BRDA:14,3,0,9
BRDA:14,3,1,1
BRDA:15,4,0,9
BRDA:15,4,1,6
BRDA:16,5,0,9
BRDA:16,5,1,8
BRF:13
BRH:11
end_of_record
TN:
SF:dist\src\db\db.js
FN:2,(anonymous_0)
FN:9,(anonymous_1)
FNF:2
FNH:1
FNDA:5,(anonymous_0)
FNDA:0,(anonymous_1)
DA:2,5
DA:3,5
DA:5,5
DA:6,5
DA:7,5
DA:8,5
DA:9,5
DA:10,0
DA:12,5
LF:9
LH:8
BRDA:2,0,0,5
BRDA:2,0,1,0
BRDA:2,0,2,5
BRDA:3,1,0,0
BRDA:3,1,1,5
BRDA:3,2,0,5
BRDA:3,2,1,5
BRF:7
BRH:5
end_of_record
TN:
SF:dist\src\middleware\contacts\createContact.middleware.js
FN:2,(anonymous_0)
FN:3,adopt
FN:3,(anonymous_2)
FN:4,(anonymous_3)
FN:5,fulfilled
FN:6,rejected
FN:7,step
FN:11,(anonymous_7)
FN:18,(anonymous_8)
FN:18,(anonymous_9)
FNF:10
FNH:8
FNDA:7,(anonymous_0)
FNDA:1,adopt
FNDA:0,(anonymous_2)
FNDA:7,(anonymous_3)
FNDA:1,fulfilled
FNDA:0,rejected
FNDA:8,step
FNDA:5,(anonymous_7)
FNDA:7,(anonymous_8)
FNDA:7,(anonymous_9)
DA:2,5
DA:3,1
DA:4,7
DA:5,1
DA:6,0
DA:7,8
DA:8,7
DA:11,5
DA:12,5
DA:14,5
DA:15,5
DA:16,5
DA:17,5
DA:18,7
DA:19,7
DA:20,7
DA:21,7
DA:22,3
DA:23,4
DA:24,4
DA:25,3
DA:28,1
DA:29,1
DA:37,3
DA:38,3
LF:25
LH:24
BRDA:2,0,0,5
BRDA:2,0,1,0
BRDA:2,0,2,5
BRDA:3,1,0,1
BRDA:3,1,1,0
BRDA:4,2,0,7
BRDA:4,2,1,7
BRDA:7,3,0,7
BRDA:7,3,1,1
BRDA:8,4,0,7
BRDA:8,4,1,7
BRDA:11,5,0,5
BRDA:11,5,1,0
BRDA:11,5,2,5
BRDA:12,6,0,5
BRDA:12,6,1,0
BRDA:12,7,0,5
BRDA:12,7,1,5
BRDA:21,8,0,3
BRDA:21,8,1,4
BRDA:21,9,0,7
BRDA:21,9,1,6
BRDA:21,9,2,5
BRDA:24,10,0,3
BRDA:24,10,1,1
BRF:25
BRH:21
end_of_record
TN:
SF:dist\src\middleware\contacts\deleteContact.middleware.js
FN:2,(anonymous_0)
FN:3,adopt
FN:3,(anonymous_2)
FN:4,(anonymous_3)
FN:5,fulfilled
FN:6,rejected
FN:7,step
FN:13,(anonymous_7)
FN:13,(anonymous_8)
FNF:9
FNH:9
FNDA:3,(anonymous_0)
FNDA:4,adopt
FNDA:2,(anonymous_2)
FNDA:3,(anonymous_3)
FNDA:3,fulfilled
FNDA:1,rejected
FNDA:7,step
FNDA:3,(anonymous_7)
FNDA:3,(anonymous_8)
DA:2,5
DA:3,4
DA:4,3
DA:5,3
DA:6,1
DA:7,7
DA:8,3
DA:11,5
DA:12,5
DA:13,5
DA:14,3
DA:15,3
DA:16,3
DA:17,2
DA:18,1
DA:19,1
DA:21,1
DA:24,1
DA:25,1
DA:26,1
LF:20
LH:20
BRDA:2,0,0,5
BRDA:2,0,1,0
BRDA:2,0,2,5
BRDA:3,1,0,2
BRDA:3,1,1,2
BRDA:4,2,0,3
BRDA:4,2,1,3
BRDA:7,3,0,3
BRDA:7,3,1,4
BRDA:8,4,0,3
BRDA:8,4,1,3
BRDA:17,5,0,1
BRDA:17,5,1,1
BRF:13
BRH:12
end_of_record
TN:
SF:dist\src\middleware\contacts\getAllContacts.middleware.js
FN:2,(anonymous_0)
FN:3,adopt
FN:3,(anonymous_2)
FN:4,(anonymous_3)
FN:5,fulfilled
FN:6,rejected
FN:7,step
FN:11,(anonymous_7)
FN:17,(anonymous_8)
FN:17,(anonymous_9)
FNF:10
FNH:9
FNDA:2,(anonymous_0)
FNDA:2,adopt
FNDA:0,(anonymous_2)
FNDA:2,(anonymous_3)
FNDA:1,fulfilled
FNDA:1,rejected
FNDA:4,step
FNDA:5,(anonymous_7)
FNDA:2,(anonymous_8)
FNDA:2,(anonymous_9)
DA:2,5
DA:3,2
DA:4,2
DA:5,1
DA:6,1
DA:7,4
DA:8,2
DA:11,5
DA:12,5
DA:14,5
DA:15,5
DA:16,5
DA:17,5
DA:18,2
DA:19,2
DA:20,1
DA:21,0
DA:22,1
DA:25,1
LF:19
LH:18
BRDA:2,0,0,5
BRDA:2,0,1,0
BRDA:2,0,2,5
BRDA:3,1,0,2
BRDA:3,1,1,0
BRDA:4,2,0,2
BRDA:4,2,1,2
BRDA:7,3,0,2
BRDA:7,3,1,2
BRDA:8,4,0,2
BRDA:8,4,1,2
BRDA:11,5,0,5
BRDA:11,5,1,0
BRDA:11,5,2,5
BRDA:12,6,0,5
BRDA:12,6,1,0
BRDA:12,7,0,5
BRDA:12,7,1,5
BRDA:20,8,0,0
BRDA:20,8,1,1
BRF:20
BRH:15
end_of_record
TN:
SF:dist\src\middleware\contacts\getContact.middleware.js
FN:2,(anonymous_0)
FN:3,adopt
FN:3,(anonymous_2)
FN:4,(anonymous_3)
FN:5,fulfilled
FN:6,rejected
FN:7,step
FN:11,(anonymous_7)
FN:19,(anonymous_8)
FN:19,(anonymous_9)
FNF:10
FNH:9
FNDA:3,(anonymous_0)
FNDA:2,adopt
FNDA:2,(anonymous_2)
FNDA:3,(anonymous_3)
FNDA:2,fulfilled
FNDA:0,rejected
FNDA:5,step
FNDA:5,(anonymous_7)
FNDA:3,(anonymous_8)
FNDA:3,(anonymous_9)
DA:2,5
DA:3,2
DA:4,3
DA:5,2
DA:6,0
DA:7,5
DA:8,3
DA:11,5
DA:12,5
DA:14,5
DA:15,5
DA:16,5
DA:17,5
DA:18,5
DA:19,5
DA:20,3
DA:21,3
DA:22,3
DA:23,1
DA:24,2
DA:25,2
DA:26,1
DA:28,1
DA:31,2
LF:24
LH:23
BRDA:2,0,0,5
BRDA:2,0,1,0
BRDA:2,0,2,5
BRDA:3,1,0,0
BRDA:3,1,1,2
BRDA:4,2,0,3
BRDA:4,2,1,3
BRDA:7,3,0,3
BRDA:7,3,1,2
BRDA:8,4,0,3
BRDA:8,4,1,3
BRDA:11,5,0,5
BRDA:11,5,1,0
BRDA:11,5,2,5
BRDA:12,6,0,5
BRDA:12,6,1,0
BRDA:12,7,0,5
BRDA:12,7,1,5
BRDA:22,8,0,1
BRDA:22,8,1,2
BRDA:25,9,0,1
BRDA:25,9,1,1
BRF:22
BRH:18
end_of_record
TN:
SF:dist\src\middleware\contacts\updateContact.middleware.js
FN:2,(anonymous_0)
FN:3,adopt
FN:3,(anonymous_2)
FN:4,(anonymous_3)
FN:5,fulfilled
FN:6,rejected
FN:7,step
FN:11,(anonymous_7)
FN:18,(anonymous_8)
FN:18,(anonymous_9)
FNF:10
FNH:9
FNDA:8,(anonymous_0)
FNDA:3,adopt
FNDA:3,(anonymous_2)
FNDA:8,(anonymous_3)
FNDA:3,fulfilled
FNDA:0,rejected
FNDA:11,step
FNDA:5,(anonymous_7)
FNDA:8,(anonymous_8)
FNDA:8,(anonymous_9)
DA:2,5
DA:3,3
DA:4,8
DA:5,3
DA:6,0
DA:7,11
DA:8,8
DA:11,5
DA:12,5
DA:14,5
DA:15,5
DA:16,5
DA:17,5
DA:18,8
DA:19,8
DA:20,8
DA:21,8
DA:22,8
DA:23,3
DA:24,5
DA:25,5
DA:26,3
DA:28,2
DA:29,2
DA:30,1
DA:35,1
DA:40,1
DA:43,3
DA:44,3
LF:29
LH:28
BRDA:2,0,0,5
BRDA:2,0,1,0
BRDA:2,0,2,5
BRDA:3,1,0,0
BRDA:3,1,1,3
BRDA:4,2,0,8
BRDA:4,2,1,8
BRDA:7,3,0,8
BRDA:7,3,1,3
BRDA:8,4,0,8
BRDA:8,4,1,8
BRDA:11,5,0,5
BRDA:11,5,1,0
BRDA:11,5,2,5
BRDA:12,6,0,5
BRDA:12,6,1,0
BRDA:12,7,0,5
BRDA:12,7,1,5
BRDA:22,8,0,3
BRDA:22,8,1,5
BRDA:22,9,0,8
BRDA:22,9,1,7
BRDA:22,9,2,6
BRDA:25,10,0,3
BRDA:25,10,1,2
BRDA:29,11,0,1
BRDA:29,11,1,1
BRF:27
BRH:23
end_of_record
TN:
SF:dist\src\middleware\error\error.middleware.js
FN:6,(anonymous_0)
FNF:1
FNH:1
FNDA:10,(anonymous_0)
DA:2,5
DA:3,5
DA:6,5
DA:7,10
DA:8,10
DA:9,10
DA:10,10
DA:12,5
LF:8
LH:8
BRDA:7,0,0,10
BRDA:7,0,1,1
BRDA:7,0,2,0
BRDA:8,1,0,10
BRDA:8,1,1,6
BRDA:9,2,0,10
BRDA:9,2,1,1
BRF:7
BRH:6
end_of_record
TN:
SF:dist\src\middleware\notfound-handler\not-found.middleware.js
FN:4,(anonymous_0)
FNF:1
FNH:0
FNDA:0,(anonymous_0)
DA:2,5
DA:3,5
DA:4,5
DA:5,0
DA:6,0
DA:8,5
LF:6
LH:4
BRF:0
BRH:0
end_of_record
TN:
SF:dist\src\model\contacts.js
FN:2,(anonymous_0)
FNF:1
FNH:1
FNDA:5,(anonymous_0)
DA:2,5
DA:3,5
DA:5,5
DA:6,5
DA:7,5
DA:8,5
DA:13,5
LF:7
LH:7
BRDA:2,0,0,5
BRDA:2,0,1,0
BRDA:2,0,2,5
BRDA:3,1,0,0
BRDA:3,1,1,5
BRDA:3,2,0,5
BRDA:3,2,1,5
BRF:7
BRH:5
end_of_record
TN:
SF:dist\src\routing\contacts.routing.js
FN:2,(anonymous_0)
FNF:1
FNH:1
FNDA:40,(anonymous_0)
DA:2,5
DA:3,40
DA:5,5
DA:6,5
DA:10,5
DA:11,5
DA:12,5
DA:13,5
DA:14,5
DA:15,5
DA:19,5
DA:20,5
DA:24,5
DA:29,5
DA:31,5
DA:33,5
DA:35,5
DA:37,5
LF:18
LH:18
BRDA:2,0,0,5
BRDA:2,0,1,0
BRDA:2,0,2,5
BRDA:3,1,0,35
BRDA:3,1,1,5
BRDA:3,2,0,40
BRDA:3,2,1,40
BRF:7
BRH:6
end_of_record
TN:
SF:dist\src\validation\createContactValidator.js
FN:2,(anonymous_0)
FN:3,adopt
FN:3,(anonymous_2)
FN:4,(anonymous_3)
FN:5,fulfilled
FN:6,rejected
FN:7,step
FN:15,(anonymous_7)
FN:15,(anonymous_8)
FNF:9
FNH:8
FNDA:7,(anonymous_0)
FNDA:7,adopt
FNDA:7,(anonymous_2)
FNDA:7,(anonymous_3)
FNDA:7,fulfilled
FNDA:0,rejected
FNDA:13,step
FNDA:7,(anonymous_7)
FNDA:7,(anonymous_8)
DA:2,5
DA:3,7
DA:4,7
DA:5,7
DA:6,0
DA:7,13
DA:8,7
DA:11,5
DA:12,5
DA:13,5
DA:14,5
DA:15,7
DA:16,7
DA:17,7
DA:18,1
DA:19,6
LF:16
LH:15
BRDA:2,0,0,5
BRDA:2,0,1,0
BRDA:2,0,2,5
BRDA:3,1,0,0
BRDA:3,1,1,7
BRDA:4,2,0,7
BRDA:4,2,1,7
BRDA:7,3,0,6
BRDA:7,3,1,7
BRDA:8,4,0,7
BRDA:8,4,1,7
BRDA:17,5,0,1
BRDA:17,5,1,6
BRF:13
BRH:11
end_of_record
TN:
SF:dist\src\validation\updateContactValidator.js
FN:2,(anonymous_0)
FN:3,adopt
FN:3,(anonymous_2)
FN:4,(anonymous_3)
FN:5,fulfilled
FN:6,rejected
FN:7,step
FN:15,(anonymous_7)
FN:15,(anonymous_8)
FNF:9
FNH:9
FNDA:8,(anonymous_0)
FNDA:16,adopt
FNDA:16,(anonymous_2)
FNDA:8,(anonymous_3)
FNDA:15,fulfilled
FNDA:1,rejected
FNDA:23,step
FNDA:8,(anonymous_7)
FNDA:8,(anonymous_8)
DA:2,5
DA:3,16
DA:4,8
DA:5,15
DA:6,1
DA:7,23
DA:8,8
DA:11,5
DA:12,5
DA:13,5
DA:14,5
DA:15,8
DA:17,8
DA:18,8
DA:21,8
DA:22,7
DA:23,7
DA:24,0
DA:25,7
LF:19
LH:18
BRDA:2,0,0,5
BRDA:2,0,1,0
BRDA:2,0,2,5
BRDA:3,1,0,0
BRDA:3,1,1,16
BRDA:4,2,0,8
BRDA:4,2,1,8
BRDA:7,3,0,7
BRDA:7,3,1,16
BRDA:8,4,0,8
BRDA:8,4,1,8
BRDA:17,5,0,0
BRDA:17,5,1,8
BRDA:17,6,0,8
BRDA:17,6,1,8
BRDA:23,7,0,0
BRDA:23,7,1,7
BRDA:23,8,0,7
BRDA:23,8,1,3
BRDA:23,8,2,3
BRF:20
BRH:16
end_of_record
TN:
SF:src\app.ts
FN:18,(anonymous_0)
FNF:1
FNH:1
FNDA:5,(anonymous_0)
DA:14,5
DA:18,5
DA:19,5
DA:27,5
DA:28,0
DA:30,5
DA:32,5
DA:38,5
DA:39,5
DA:40,5
DA:41,5
DA:42,5
DA:43,5
LF:13
LH:12
BRDA:27,0,0,0
BRDA:27,0,1,5
BRF:2
BRH:1
end_of_record
TN:
SF:src\common\http-exception.ts
FN:12,(anonymous_0)
FNF:1
FNH:1
FNDA:9,(anonymous_0)
DA:4,5
DA:25,9
DA:27,9
DA:28,9
DA:29,9
LF:5
LH:5
BRDA:27,0,0,9
BRDA:27,0,1,1
BRDA:28,1,0,9
BRDA:28,1,1,6
BRDA:29,2,0,9
BRDA:29,2,1,8
BRF:6
BRH:6
end_of_record
TN:
SF:src\db\db.ts
FN:6,(anonymous_0)
FNF:1
FNH:0
FNDA:0,(anonymous_0)
DA:3,5
DA:5,5
DA:6,5
DA:7,0
LF:4
LH:3
BRF:0
BRH:0
end_of_record
TN:
SF:src\middleware\contacts\createContact.middleware.ts
FN:6,(anonymous_0)
FNF:1
FNH:1
FNDA:7,(anonymous_0)
DA:7,7
DA:8,7
DA:9,7
DA:10,3
DA:12,4
DA:13,4
DA:14,3
DA:16,1
DA:17,1
DA:24,3
DA:25,3
LF:11
LH:11
BRDA:9,0,0,3
BRDA:9,0,1,4
BRDA:9,1,0,7
BRDA:9,1,1,6
BRDA:9,1,2,5
BRDA:13,2,0,3
BRDA:13,2,1,1
BRF:7
BRH:7
end_of_record
TN:
SF:src\middleware\contacts\deleteContact.middleware.ts
FN:5,(anonymous_0)
FNF:1
FNH:1
FNDA:3,(anonymous_0)
DA:6,3
DA:8,3
DA:9,3
DA:10,2
DA:11,1
DA:12,1
DA:14,1
DA:16,1
DA:17,1
DA:18,1
LF:10
LH:10
BRDA:10,0,0,1
BRDA:10,0,1,1
BRF:2
BRH:2
end_of_record
TN:
SF:src\middleware\contacts\getAllContacts.middleware.ts
FN:7,(anonymous_0)
FNF:1
FNH:1
FNDA:2,(anonymous_0)
DA:8,2
DA:9,2
DA:10,1
DA:11,0
DA:12,1
DA:14,1
LF:6
LH:5
BRDA:10,0,0,0
BRDA:10,0,1,1
BRF:2
BRH:1
end_of_record
TN:
SF:src\middleware\contacts\getContact.middleware.ts
FN:9,(anonymous_0)
FNF:1
FNH:1
FNDA:3,(anonymous_0)
DA:7,5
DA:10,3
DA:11,3
DA:12,3
DA:13,1
DA:16,2
DA:17,2
DA:18,1
DA:20,1
DA:22,2
LF:10
LH:10
BRDA:12,0,0,1
BRDA:12,0,1,2
BRDA:17,1,0,1
BRDA:17,1,1,1
BRF:4
BRH:4
end_of_record
TN:
SF:src\middleware\contacts\updateContact.middleware.ts
FN:6,(anonymous_0)
FNF:1
FNH:1
FNDA:8,(anonymous_0)
DA:7,8
DA:8,8
DA:10,8
DA:11,8
DA:12,3
DA:15,5
DA:16,5
DA:17,3
DA:20,2
DA:21,2
DA:22,1
DA:30,1
DA:36,1
DA:38,3
DA:39,3
LF:15
LH:15
BRDA:11,0,0,3
BRDA:11,0,1,5
BRDA:11,1,0,8
BRDA:11,1,1,7
BRDA:11,1,2,6
BRDA:16,2,0,3
BRDA:16,2,1,2
BRDA:21,3,0,1
BRDA:21,3,1,1
BRF:9
BRH:9
end_of_record
TN:
SF:src\middleware\error\error.middleware.ts
FN:6,(anonymous_0)
FNF:1
FNH:1
FNDA:10,(anonymous_0)
DA:6,5
DA:12,10
DA:13,10
DA:14,10
DA:15,10
LF:5
LH:5
BRDA:12,0,0,10
BRDA:12,0,1,1
BRDA:12,0,2,0
BRDA:13,1,0,10
BRDA:13,1,1,6
BRDA:14,2,0,10
BRDA:14,2,1,1
BRF:7
BRH:6
end_of_record
TN:
SF:src\middleware\notfound-handler\not-found.middleware.ts
FN:3,(anonymous_0)
FNF:1
FNH:0
FNDA:0,(anonymous_0)
DA:3,5
DA:8,0
DA:10,0
LF:3
LH:1
BRF:0
BRH:0
end_of_record
TN:
SF:src\model\contacts.ts
FNF:0
FNH:0
DA:10,5
DA:16,5
LF:2
LH:2
BRF:0
BRH:0
end_of_record
TN:
SF:src\routing\contacts.routing.ts
FNF:0
FNH:0
DA:26,5
DA:34,5
DA:37,5
DA:40,5
DA:43,5
DA:46,5
LF:6
LH:6
BRF:0
BRH:0
end_of_record
TN:
SF:src\validation\createContactValidator.ts
FN:6,(anonymous_0)
FNF:1
FNH:1
FNDA:7,(anonymous_0)
DA:7,7
DA:8,7
DA:9,6
LF:3
LH:3
BRDA:8,0,0,1
BRDA:8,0,1,6
BRF:2
BRH:2
end_of_record
TN:
SF:src\validation\updateContactValidator.ts
FN:10,(anonymous_0)
FNF:1
FNH:1
FNDA:8,(anonymous_0)
DA:11,8
DA:12,8
DA:15,8
DA:18,7
DA:20,7
DA:21,0
DA:22,7
LF:7
LH:6
BRDA:20,0,0,0
BRDA:20,0,1,7
BRDA:20,1,0,7
BRDA:20,1,1,3
BRDA:20,1,2,3
BRF:5
BRH:4
end_of_record
